#
# There is insufficient memory for the Java Runtime Environment to continue.
# Native memory allocation (mmap) failed to map 17179869184 bytes. Error detail: committing reserved memory.
# Possible reasons:
#   The system is out of physical RAM or swap space
#   This process is running with CompressedOops enabled, and the Java Heap may be blocking the growth of the native heap
# Possible solutions:
#   Reduce memory load on the system
#   Increase physical memory or swap space
#   Check if swap backing store is full
#   Decrease Java heap size (-Xmx/-Xms)
#   Decrease number of Java threads
#   Decrease Java thread stack sizes (-Xss)
#   Set larger code cache with -XX:ReservedCodeCacheSize=
#   JVM is running with Zero Based Compressed Oops mode in which the Java heap is
#     placed in the first 32GB address space. The Java Heap base address is the
#     maximum limit for the native heap growth. Please use -XX:HeapBaseMinAddress
#     to set the Java Heap base and to place the Java Heap above 32GB virtual address.
# This output file may be truncated or incomplete.
#
#  Out of Memory Error (os_linux.cpp:2793), pid=7834, tid=7835
#
# JRE version:  (21.0.6+7) (build )
# Java VM: OpenJDK 64-Bit Server VM (21.0.6+7-LTS, mixed mode, sharing, tiered, compressed oops, compressed class ptrs, g1 gc, linux-amd64)
# Core dump will be written. Default location: Core dumps may be processed with "/usr/share/apport/apport -p%p -s%s -c%c -d%d -P%P -u%u -g%g -- %E" (or dumping to /workspaces/server-minecraft/core.7834)
#

---------------  S U M M A R Y ------------

Command Line: -Dcom.mojang.eula.agree=true -Xms16G -Xmx16G fabric-server-launch.jar nogui

Host: AMD EPYC 7763 64-Core Processor, 2 cores, 7G, Ubuntu 20.04.6 LTS
Time: Sat May  3 00:58:04 2025 UTC elapsed time: 0.005204 seconds (0d 0h 0m 0s)

---------------  T H R E A D  ---------------

Current thread (0x00007dc5bc02a5d0):  JavaThread "Unknown thread" [_thread_in_vm, id=7835, stack(0x00007dc5c0263000,0x00007dc5c0364000) (1028K)]

Stack: [0x00007dc5c0263000,0x00007dc5c0364000],  sp=0x00007dc5c03624b0,  free space=1021k
Native frames: (J=compiled Java code, j=interpreted, Vv=VM code, C=native code)
V  [libjvm.so+0x100b3b8]  VMError::report_and_die(int, char const*, char const*, __va_list_tag*, Thread*, unsigned char*, void*, void*, char const*, int, unsigned long)+0x2b8  (os_linux.cpp:2793)
V  [libjvm.so+0x100bdad]
V  [libjvm.so+0x6bbe2f]
V  [libjvm.so+0xd071b4]  os::pd_commit_memory_or_exit(char*, unsigned long, unsigned long, bool, char const*)+0xd4
V  [libjvm.so+0xd0062d]  os::commit_memory_or_exit(char*, unsigned long, unsigned long, bool, char const*)+0x1d
V  [libjvm.so+0x818f4b]  G1PageBasedVirtualSpace::commit(unsigned long, unsigned long)+0xfb
V  [libjvm.so+0x82f06f]  G1RegionsLargerThanCommitSizeMapper::commit_regions(unsigned int, unsigned long, WorkerThreads*)+0x9f
V  [libjvm.so+0x8be8f5]  HeapRegionManager::commit_regions(unsigned int, unsigned long, WorkerThreads*)+0x55
V  [libjvm.so+0x8c0562]  HeapRegionManager::expand(unsigned int, unsigned int, WorkerThreads*)+0x32
V  [libjvm.so+0x8c078e]  HeapRegionManager::expand_by(unsigned int, WorkerThreads*)+0x7e
V  [libjvm.so+0x7d341f]  G1CollectedHeap::expand(unsigned long, WorkerThreads*, double*)+0xff
V  [libjvm.so+0x7d3a34]  G1CollectedHeap::initialize()+0x5c4
V  [libjvm.so+0xfad686]  universe_init()+0xd6
V  [libjvm.so+0x8deeb7]  init_globals()+0x37
V  [libjvm.so+0xf8c6d5]  Threads::create_vm(JavaVMInitArgs*, bool*)+0x2b5
V  [libjvm.so+0x9b9a0f]  JNI_CreateJavaVM+0x4f
C  [libjli.so+0x42bb]  JavaMain+0x8b
C  [libjli.so+0x7e09]  ThreadJavaMain+0x9

---------------  P R O C E S S  ---------------

Threads class SMR info:
_java_thread_list=0x00007dc5c1a2fdc0, length=0, elements={
}

Java Threads: ( => current thread )
Total: 0

Other Threads:
  0x00007dc5bc0546b0 WorkerThread "GC Thread#0"                     [id=7836, stack(0x00007dc5a4478000,0x00007dc5a4578000) (1024K)]
  0x00007dc5bc065c70 ConcurrentGCThread "G1 Main Marker"            [id=7837, stack(0x00007dc590300000,0x00007dc590400000) (1024K)]
  0x00007dc5bc066c10 WorkerThread "G1 Conc#0"                       [id=7838, stack(0x00007dc5901ff000,0x00007dc5902ff000) (1024K)]

[error occurred during error reporting (printing all threads), id 0xb, SIGSEGV (0xb) at pc=0x00007dc5c0ca9370]
VM state: not at safepoint (not fully initialized)

VM Mutex/Monitor currently owned by a thread:  ([mutex/lock_event])
[0x00007dc5c1a09c78] Heap_lock - owner thread: 0x00007dc5bc02a5d0

Heap address: 0x0000000400000000, size: 16384 MB, Compressed Oops mode: Zero based, Oop shift amount: 3

CDS archive(s) mapped at: [0x0000000000000000-0x0000000000000000-0x0000000000000000), size 0, SharedBaseAddress: 0x0000000800000000, ArchiveRelocationMode: 1.
Narrow klass base: 0x0000000000000000, Narrow klass shift: 0, Narrow klass range: 0x0

GC Precious Log:
 CardTable entry size: 512
 Card Set container configuration: InlinePtr #cards 4 size 8 Array Of Cards #cards 64 size 144 Howl #buckets 8 coarsen threshold 14745 Howl Bitmap #cards 2048 size 272 coarsen threshold 1843 Card regions per heap region 1 cards per card region 16384

Heap:
 garbage-first heap   total 0K, used 0K [0x0000000400000000, 0x0000000800000000)
  region size 8192K, 0 young (0K), 0 survivors (0K)

[error occurred during error reporting (printing heap information), id 0xb, SIGSEGV (0xb) at pc=0x00007dc5c126f9ea]
GC Heap History (0 events):
No events

Dll operation events (1 events):
Event: 0.002 Loaded shared library /usr/local/sdkman/candidates/java/21.0.6-ms/lib/libjava.so

Deoptimization events (0 events):
No events

Classes loaded (0 events):
No events

Classes unloaded (0 events):
No events

Classes redefined (0 events):
No events

Internal exceptions (0 events):
No events

ZGC Phase Switch (0 events):
No events

VM Operations (0 events):
No events

Memory protections (1 events):
Event: 0.002 Protecting memory [0x00007dc5c0263000,0x00007dc5c0267000] with protection modes 0

Nmethod flushes (0 events):
No events

Events (0 events):
No events


Dynamic libraries:
561c5d4a2000-561c5d4a3000 r-xp 00000000 00:2a 118191                     /usr/local/sdkman/candidates/java/21.0.6-ms/bin/java
561c5d4a4000-561c5d4a5000 r--p 00001000 00:2a 118191                     /usr/local/sdkman/candidates/java/21.0.6-ms/bin/java
561c5d4a5000-561c5d4a6000 rw-p 00002000 00:2a 118191                     /usr/local/sdkman/candidates/java/21.0.6-ms/bin/java
561c6c9c0000-561c6ca06000 rw-p 00000000 00:00 0                          [heap]
7dc580000000-7dc580021000 rw-p 00000000 00:00 0 
7dc580021000-7dc584000000 ---p 00000000 00:00 0 
7dc584000000-7dc584021000 rw-p 00000000 00:00 0 
7dc584021000-7dc588000000 ---p 00000000 00:00 0 
7dc589a00000-7dc589ce6000 rw-p 00000000 00:00 0 
7dc589d7a000-7dc58c000000 rw-p 00000000 00:00 0 
7dc58c000000-7dc58c021000 rw-p 00000000 00:00 0 
7dc58c021000-7dc590000000 ---p 00000000 00:00 0 
7dc5900fd000-7dc5901fe000 rw-p 00000000 00:00 0 
7dc5901fe000-7dc5901ff000 ---p 00000000 00:00 0 
7dc5901ff000-7dc5902ff000 rw-p 00000000 00:00 0 
7dc5902ff000-7dc590300000 ---p 00000000 00:00 0 
7dc590300000-7dc590400000 rw-p 00000000 00:00 0 
7dc590400000-7dc5a4400000 ---p 00000000 00:00 0 
7dc5a4477000-7dc5a4478000 ---p 00000000 00:00 0 
7dc5a4478000-7dc5a4578000 rw-p 00000000 00:00 0 
7dc5a4578000-7dc5a4800000 rw-p 00000000 00:00 0 
7dc5a4800000-7dc5a4a70000 rwxp 00000000 00:00 0 
7dc5a4a70000-7dc5abd38000 ---p 00000000 00:00 0 
7dc5abd38000-7dc5abfa8000 rwxp 00000000 00:00 0 
7dc5abfa8000-7dc5ac2c7000 ---p 00000000 00:00 0 
7dc5ac2c7000-7dc5ac537000 rwxp 00000000 00:00 0 
7dc5ac537000-7dc5b3800000 ---p 00000000 00:00 0 
7dc5b381b000-7dc5b389c000 rw-p 00000000 00:00 0 
7dc5b389c000-7dc5bc000000 r--s 00000000 00:2a 118678                     /usr/local/sdkman/candidates/java/21.0.6-ms/lib/modules
7dc5bc000000-7dc5bc07c000 rw-p 00000000 00:00 0 
7dc5bc07c000-7dc5c0000000 ---p 00000000 00:00 0 
7dc5c0020000-7dc5c0025000 rw-p 00000000 00:00 0 
7dc5c0025000-7dc5c010b000 ---p 00000000 00:00 0 
7dc5c010b000-7dc5c0110000 rw-p 00000000 00:00 0 
7dc5c0110000-7dc5c01f6000 ---p 00000000 00:00 0 
7dc5c01f6000-7dc5c01fb000 rw-p 00000000 00:00 0 
7dc5c01fb000-7dc5c0202000 ---p 00000000 00:00 0 
7dc5c0202000-7dc5c0222000 r-xp 00000000 00:2a 118653                     /usr/local/sdkman/candidates/java/21.0.6-ms/lib/libjava.so
7dc5c0222000-7dc5c0223000 ---p 00020000 00:2a 118653                     /usr/local/sdkman/candidates/java/21.0.6-ms/lib/libjava.so
7dc5c0223000-7dc5c0224000 r--p 00020000 00:2a 118653                     /usr/local/sdkman/candidates/java/21.0.6-ms/lib/libjava.so
7dc5c0224000-7dc5c0225000 rw-p 00021000 00:2a 118653                     /usr/local/sdkman/candidates/java/21.0.6-ms/lib/libjava.so
7dc5c0225000-7dc5c0226000 rw-p 00000000 00:00 0 
7dc5c0226000-7dc5c0229000 r--p 00000000 00:2a 1052201                    /usr/lib/x86_64-linux-gnu/libnss_files-2.31.so
7dc5c0229000-7dc5c0230000 r-xp 00003000 00:2a 1052201                    /usr/lib/x86_64-linux-gnu/libnss_files-2.31.so
7dc5c0230000-7dc5c0232000 r--p 0000a000 00:2a 1052201                    /usr/lib/x86_64-linux-gnu/libnss_files-2.31.so
7dc5c0232000-7dc5c0233000 r--p 0000b000 00:2a 1052201                    /usr/lib/x86_64-linux-gnu/libnss_files-2.31.so
7dc5c0233000-7dc5c0234000 rw-p 0000c000 00:2a 1052201                    /usr/lib/x86_64-linux-gnu/libnss_files-2.31.so
7dc5c0234000-7dc5c023a000 rw-p 00000000 00:00 0 
7dc5c0244000-7dc5c025f000 r-xp 00000000 00:2a 118657                     /usr/local/sdkman/candidates/java/21.0.6-ms/lib/libjimage.so
7dc5c025f000-7dc5c0260000 ---p 0001b000 00:2a 118657                     /usr/local/sdkman/candidates/java/21.0.6-ms/lib/libjimage.so
7dc5c0260000-7dc5c0262000 r--p 0001b000 00:2a 118657                     /usr/local/sdkman/candidates/java/21.0.6-ms/lib/libjimage.so
7dc5c0262000-7dc5c0263000 rw-p 0001d000 00:2a 118657                     /usr/local/sdkman/candidates/java/21.0.6-ms/lib/libjimage.so
7dc5c0263000-7dc5c0267000 ---p 00000000 00:00 0 
7dc5c0267000-7dc5c0364000 rw-p 00000000 00:00 0 
7dc5c0364000-7dc5c0371000 r--p 00000000 00:2a 1052190                    /usr/lib/x86_64-linux-gnu/libm-2.31.so
7dc5c0371000-7dc5c0418000 r-xp 0000d000 00:2a 1052190                    /usr/lib/x86_64-linux-gnu/libm-2.31.so
7dc5c0418000-7dc5c04b1000 r--p 000b4000 00:2a 1052190                    /usr/lib/x86_64-linux-gnu/libm-2.31.so
7dc5c04b1000-7dc5c04b2000 r--p 0014c000 00:2a 1052190                    /usr/lib/x86_64-linux-gnu/libm-2.31.so
7dc5c04b2000-7dc5c04b3000 rw-p 0014d000 00:2a 1052190                    /usr/lib/x86_64-linux-gnu/libm-2.31.so
7dc5c04b3000-7dc5c04b5000 r--p 00000000 00:2a 1052214                    /usr/lib/x86_64-linux-gnu/librt-2.31.so
7dc5c04b5000-7dc5c04b9000 r-xp 00002000 00:2a 1052214                    /usr/lib/x86_64-linux-gnu/librt-2.31.so
7dc5c04b9000-7dc5c04bb000 r--p 00006000 00:2a 1052214                    /usr/lib/x86_64-linux-gnu/librt-2.31.so
7dc5c04bb000-7dc5c04bc000 r--p 00007000 00:2a 1052214                    /usr/lib/x86_64-linux-gnu/librt-2.31.so
7dc5c04bc000-7dc5c04bd000 rw-p 00008000 00:2a 1052214                    /usr/lib/x86_64-linux-gnu/librt-2.31.so
7dc5c04bd000-7dc5c18d3000 r-xp 00000000 00:2a 118690                     /usr/local/sdkman/candidates/java/21.0.6-ms/lib/server/libjvm.so
7dc5c18d3000-7dc5c18d4000 ---p 01416000 00:2a 118690                     /usr/local/sdkman/candidates/java/21.0.6-ms/lib/server/libjvm.so
7dc5c18d4000-7dc5c19a8000 r--p 01416000 00:2a 118690                     /usr/local/sdkman/candidates/java/21.0.6-ms/lib/server/libjvm.so
7dc5c19a8000-7dc5c19d8000 rw-p 014ea000 00:2a 118690                     /usr/local/sdkman/candidates/java/21.0.6-ms/lib/server/libjvm.so
7dc5c19d8000-7dc5c1a40000 rw-p 00000000 00:00 0 
7dc5c1a40000-7dc5c1a62000 r--p 00000000 00:2a 1052184                    /usr/lib/x86_64-linux-gnu/libc-2.31.so
7dc5c1a62000-7dc5c1bda000 r-xp 00022000 00:2a 1052184                    /usr/lib/x86_64-linux-gnu/libc-2.31.so
7dc5c1bda000-7dc5c1c28000 r--p 0019a000 00:2a 1052184                    /usr/lib/x86_64-linux-gnu/libc-2.31.so
7dc5c1c28000-7dc5c1c2c000 r--p 001e7000 00:2a 1052184                    /usr/lib/x86_64-linux-gnu/libc-2.31.so
7dc5c1c2c000-7dc5c1c2e000 rw-p 001eb000 00:2a 1052184                    /usr/lib/x86_64-linux-gnu/libc-2.31.so
7dc5c1c2e000-7dc5c1c32000 rw-p 00000000 00:00 0 
7dc5c1c32000-7dc5c1c33000 r--p 00000000 00:2a 1052186                    /usr/lib/x86_64-linux-gnu/libdl-2.31.so
7dc5c1c33000-7dc5c1c35000 r-xp 00001000 00:2a 1052186                    /usr/lib/x86_64-linux-gnu/libdl-2.31.so
7dc5c1c35000-7dc5c1c36000 r--p 00003000 00:2a 1052186                    /usr/lib/x86_64-linux-gnu/libdl-2.31.so
7dc5c1c36000-7dc5c1c37000 r--p 00003000 00:2a 1052186                    /usr/lib/x86_64-linux-gnu/libdl-2.31.so
7dc5c1c37000-7dc5c1c38000 rw-p 00004000 00:2a 1052186                    /usr/lib/x86_64-linux-gnu/libdl-2.31.so
7dc5c1c38000-7dc5c1c3e000 r--p 00000000 00:2a 1052210                    /usr/lib/x86_64-linux-gnu/libpthread-2.31.so
7dc5c1c3e000-7dc5c1c4f000 r-xp 00006000 00:2a 1052210                    /usr/lib/x86_64-linux-gnu/libpthread-2.31.so
7dc5c1c4f000-7dc5c1c55000 r--p 00017000 00:2a 1052210                    /usr/lib/x86_64-linux-gnu/libpthread-2.31.so
7dc5c1c55000-7dc5c1c56000 r--p 0001c000 00:2a 1052210                    /usr/lib/x86_64-linux-gnu/libpthread-2.31.so
7dc5c1c56000-7dc5c1c57000 rw-p 0001d000 00:2a 1052210                    /usr/lib/x86_64-linux-gnu/libpthread-2.31.so
7dc5c1c57000-7dc5c1c5b000 rw-p 00000000 00:00 0 
7dc5c1c5b000-7dc5c1c69000 r-xp 00000000 00:2a 118658                     /usr/local/sdkman/candidates/java/21.0.6-ms/lib/libjli.so
7dc5c1c69000-7dc5c1c6a000 ---p 0000e000 00:2a 118658                     /usr/local/sdkman/candidates/java/21.0.6-ms/lib/libjli.so
7dc5c1c6a000-7dc5c1c6b000 r--p 0000e000 00:2a 118658                     /usr/local/sdkman/candidates/java/21.0.6-ms/lib/libjli.so
7dc5c1c6b000-7dc5c1c6c000 rw-p 0000f000 00:2a 118658                     /usr/local/sdkman/candidates/java/21.0.6-ms/lib/libjli.so
7dc5c1c6c000-7dc5c1c6e000 r--p 00000000 00:2a 1049643                    /usr/lib/x86_64-linux-gnu/libz.so.1.2.11
7dc5c1c6e000-7dc5c1c7f000 r-xp 00002000 00:2a 1049643                    /usr/lib/x86_64-linux-gnu/libz.so.1.2.11
7dc5c1c7f000-7dc5c1c85000 r--p 00013000 00:2a 1049643                    /usr/lib/x86_64-linux-gnu/libz.so.1.2.11
7dc5c1c85000-7dc5c1c86000 ---p 00019000 00:2a 1049643                    /usr/lib/x86_64-linux-gnu/libz.so.1.2.11
7dc5c1c86000-7dc5c1c87000 r--p 00019000 00:2a 1049643                    /usr/lib/x86_64-linux-gnu/libz.so.1.2.11
7dc5c1c87000-7dc5c1c88000 rw-p 0001a000 00:2a 1049643                    /usr/lib/x86_64-linux-gnu/libz.so.1.2.11
7dc5c1c88000-7dc5c1c90000 rw-s 00000000 08:21 1703950                    /tmp/hsperfdata_codespace/7834
7dc5c1c90000-7dc5c1c91000 ---p 00000000 00:00 0 
7dc5c1c91000-7dc5c1c92000 r--p 00000000 00:00 0 
7dc5c1c92000-7dc5c1c94000 rw-p 00000000 00:00 0 
7dc5c1c94000-7dc5c1c95000 r--p 00000000 00:2a 1052177                    /usr/lib/x86_64-linux-gnu/ld-2.31.so
7dc5c1c95000-7dc5c1cb8000 r-xp 00001000 00:2a 1052177                    /usr/lib/x86_64-linux-gnu/ld-2.31.so
7dc5c1cb8000-7dc5c1cc0000 r--p 00024000 00:2a 1052177                    /usr/lib/x86_64-linux-gnu/ld-2.31.so
7dc5c1cc0000-7dc5c1cc1000 ---p 00000000 00:00 0 
7dc5c1cc1000-7dc5c1cc2000 r--p 0002c000 00:2a 1052177                    /usr/lib/x86_64-linux-gnu/ld-2.31.so
7dc5c1cc2000-7dc5c1cc3000 rw-p 0002d000 00:2a 1052177                    /usr/lib/x86_64-linux-gnu/ld-2.31.so
7dc5c1cc3000-7dc5c1cc4000 rw-p 00000000 00:00 0 
7ffd1251e000-7ffd12540000 rw-p 00000000 00:00 0                          [stack]
7ffd12547000-7ffd1254b000 r--p 00000000 00:00 0                          [vvar]
7ffd1254b000-7ffd1254d000 r-xp 00000000 00:00 0                          [vdso]
ffffffffff600000-ffffffffff601000 --xp 00000000 00:00 0                  [vsyscall]
Total number of mappings: 111


VM Arguments:
jvm_args: -Dcom.mojang.eula.agree=true -Xms16G -Xmx16G 
java_command: fabric-server-launch.jar nogui
java_class_path (initial): fabric-server-launch.jar
Launcher Type: SUN_STANDARD

[Global flags]
     intx CICompilerCount                          = 2                                         {product} {ergonomic}
     uint ConcGCThreads                            = 1                                         {product} {ergonomic}
     uint G1ConcRefinementThreads                  = 2                                         {product} {ergonomic}
   size_t G1HeapRegionSize                         = 8388608                                   {product} {ergonomic}
    uintx GCDrainStackTargetSize                   = 64                                        {product} {ergonomic}
   size_t InitialHeapSize                          = 17179869184                               {product} {command line}
   size_t MarkStackSize                            = 4194304                                   {product} {ergonomic}
   size_t MaxHeapSize                              = 17179869184                               {product} {command line}
   size_t MinHeapDeltaBytes                        = 8388608                                   {product} {ergonomic}
   size_t MinHeapSize                              = 17179869184                               {product} {command line}
    uintx NonNMethodCodeHeapSize                   = 5826188                                {pd product} {ergonomic}
    uintx NonProfiledCodeHeapSize                  = 122916026                              {pd product} {ergonomic}
    uintx ProfiledCodeHeapSize                     = 122916026                              {pd product} {ergonomic}
    uintx ReservedCodeCacheSize                    = 251658240                              {pd product} {ergonomic}
     bool SegmentedCodeCache                       = true                                      {product} {ergonomic}
   size_t SoftMaxHeapSize                          = 17179869184                            {manageable} {ergonomic}
     bool UseCompressedOops                        = true                           {product lp64_product} {ergonomic}
     bool UseG1GC                                  = true                                      {product} {ergonomic}

Logging:
Log output configuration:
 #0: stdout all=warning uptime,level,tags foldmultilines=false
 #1: stderr all=off uptime,level,tags foldmultilines=false

Environment Variables:
JAVA_HOME=/usr/local/sdkman/candidates/java/current
PATH=/usr/local/rvm/gems/ruby-3.3.4/bin:/usr/local/rvm/gems/ruby-3.3.4@global/bin:/usr/local/rvm/rubies/ruby-3.3.4/bin:/vscode/bin/linux-x64/17baf841131aa23349f217ca7c570c76ee87b957/bin/remote-cli:/home/codespace/.local/bin:/home/codespace/.dotnet:/home/codespace/nvm/current/bin:/home/codespace/.php/current/bin:/home/codespace/.python/current/bin:/home/codespace/java/current/bin:/home/codespace/.ruby/current/bin:/home/codespace/.local/bin:/usr/local/python/current/bin:/usr/local/py-utils/bin:/usr/local/jupyter:/usr/local/oryx:/usr/local/go/bin:/go/bin:/usr/local/sdkman/bin:/usr/local/sdkman/candidates/java/current/bin:/usr/local/sdkman/candidates/gradle/current/bin:/usr/local/sdkman/candidates/maven/current/bin:/usr/local/sdkman/candidates/ant/current/bin:/usr/local/rvm/gems/default/bin:/usr/local/rvm/gems/default@global/bin:/usr/local/rvm/rubies/default/bin:/usr/local/share/rbenv/bin:/usr/local/php/current/bin:/opt/conda/bin:/usr/local/nvs:/usr/local/share/nvm/versions/node/v20.19.0/bin:/usr/local/hugo/bin:/usr/local/sbin:/usr/local/bin:/usr/sbin:/usr/bin:/sbin:/bin:/usr/share/dotnet:/home/codespace/.dotnet/tools:/usr/local/rvm/bin
SHELL=/bin/bash
LANG=C.UTF-8
TERM=xterm-256color

Active Locale:
LC_ALL=C
LC_COLLATE=C
LC_CTYPE=C
LC_MESSAGES=C
LC_MONETARY=C
LC_NUMERIC=C
LC_TIME=C

Signal Handlers:
   SIGSEGV: crash_handler in libjvm.so, mask=11100100010111111101111111111110, flags=SA_RESTART|SA_SIGINFO, unblocked
    SIGBUS: crash_handler in libjvm.so, mask=11100100010111111101111111111110, flags=SA_RESTART|SA_SIGINFO, unblocked
    SIGFPE: crash_handler in libjvm.so, mask=11100100010111111101111111111110, flags=SA_RESTART|SA_SIGINFO, unblocked
   SIGPIPE: javaSignalHandler in libjvm.so, mask=11100100010111111101111111111110, flags=SA_RESTART|SA_SIGINFO, blocked
   SIGXFSZ: javaSignalHandler in libjvm.so, mask=11100100010111111101111111111110, flags=SA_RESTART|SA_SIGINFO, blocked
    SIGILL: crash_handler in libjvm.so, mask=11100100010111111101111111111110, flags=SA_RESTART|SA_SIGINFO, unblocked
   SIGUSR2: SR_handler in libjvm.so, mask=00000000000000000000000000000000, flags=SA_RESTART|SA_SIGINFO, blocked
    SIGHUP: SIG_DFL, mask=00000000000000000000000000000000, flags=none, blocked
    SIGINT: SIG_DFL, mask=00000000000000000000000000000000, flags=none, blocked
   SIGTERM: SIG_DFL, mask=00000000000000000000000000000000, flags=none, blocked
   SIGQUIT: UserHandler in libjvm.so, mask=11100100010111111101111111111110, flags=SA_RESTART|SA_SIGINFO, blocked
   SIGTRAP: crash_handler in libjvm.so, mask=11100100010111111101111111111110, flags=SA_RESTART|SA_SIGINFO, unblocked


Periodic native trim disabled

---------------  S Y S T E M  ---------------

OS:
DISTRIB_ID=Ubuntu
DISTRIB_RELEASE=20.04
DISTRIB_CODENAME=focal
DISTRIB_DESCRIPTION="Ubuntu 20.04.6 LTS"
uname: Linux 6.8.0-1026-azure #31~22.04.1-Ubuntu SMP Thu Mar 20 04:12:50 UTC 2025 x86_64
OS uptime: 0 days 0:21 hours
libc: glibc 2.31 NPTL 2.31 
rlimit (soft/hard): STACK 8192k/infinity , CORE infinity/infinity , NPROC infinity/infinity , NOFILE 1048576/1048576 , AS infinity/infinity , CPU infinity/infinity , DATA infinity/infinity , FSIZE infinity/infinity , MEMLOCK 8192k/8192k
load average: 0.41 0.37 0.61

/proc/meminfo:
MemTotal:        8129224 kB
MemFree:          386248 kB
MemAvailable:    6386064 kB
Buffers:          254348 kB
Cached:          5862812 kB
SwapCached:            0 kB
Active:          1944188 kB
Inactive:        5291944 kB
Active(anon):     860868 kB
Inactive(anon):   327184 kB
Active(file):    1083320 kB
Inactive(file):  4964760 kB
Unevictable:       27848 kB
Mlocked:           27848 kB
SwapTotal:             0 kB
SwapFree:              0 kB
Zswap:                 0 kB
Zswapped:              0 kB
Dirty:               952 kB
Writeback:             0 kB
AnonPages:       1140036 kB
Mapped:           481508 kB
Shmem:             59976 kB
KReclaimable:     265556 kB
Slab:             360452 kB
SReclaimable:     265556 kB
SUnreclaim:        94896 kB
KernelStack:        7344 kB
PageTables:        23204 kB
SecPageTables:         0 kB
NFS_Unstable:          0 kB
Bounce:                0 kB
WritebackTmp:          0 kB
CommitLimit:     4064612 kB
Committed_AS:    3248944 kB
VmallocTotal:   34359738367 kB
VmallocUsed:       40460 kB
VmallocChunk:          0 kB
Percpu:             1152 kB
HardwareCorrupted:     0 kB
AnonHugePages:    548864 kB
ShmemHugePages:        0 kB
ShmemPmdMapped:        0 kB
FileHugePages:         0 kB
FilePmdMapped:         0 kB
Unaccepted:            0 kB
HugePages_Total:       0
HugePages_Free:        0
HugePages_Rsvd:        0
HugePages_Surp:        0
Hugepagesize:       2048 kB
Hugetlb:               0 kB
DirectMap4k:      106432 kB
DirectMap2M:     3039232 kB
DirectMap1G:     7340032 kB

/sys/kernel/mm/transparent_hugepage/enabled: [always] madvise never
/sys/kernel/mm/transparent_hugepage/hpage_pmd_size: 2097152
/sys/kernel/mm/transparent_hugepage/defrag (defrag/compaction efforts parameter): always defer defer+madvise [madvise] never

Process Memory:
Virtual Size: 1049504K (peak: 17822196K)
Resident Set Size: 20712K (peak: 20712K) (anon: 7016K, file: 13696K, shmem: 0K)
Swapped out: 0K
C-Heap outstanding allocations: 10001K, retained: 603K
glibc malloc tunables: (default)

/proc/sys/kernel/threads-max (system-wide limit on the number of threads): 63466
/proc/sys/vm/max_map_count (maximum number of memory map areas a process may have): 65530
/proc/sys/vm/swappiness (control to define how aggressively the kernel swaps out anonymous memory): 60
/proc/sys/kernel/pid_max (system-wide limit on number of process identifiers): 4194304

container (cgroup) information:
container_type: cgroupv2
cpu_cpuset_cpus: not supported
cpu_memory_nodes: not supported
active_processor_count: 2
cpu_quota: no quota
cpu_period: 100000
cpu_shares: no shares
memory_limit_in_bytes: unlimited
memory_and_swap_limit_in_bytes: unlimited
memory_soft_limit_in_bytes: unlimited
memory_usage_in_bytes: 1762212 k
memory_max_usage_in_bytes: not supported
memory_swap_current_in_bytes: unlimited
memory_swap_max_limit_in_bytes: unlimited
maximum number of tasks: unlimited
current number of tasks: 118

Hyper-V virtualization detected
Steal ticks since vm start: 0
Steal ticks percentage since vm start:  0.000

CPU: total 2 (initial active 2) (16 cores per cpu, 2 threads per core) family 25 model 1 stepping 1 microcode 0xffffffff, cx8, cmov, fxsr, ht, mmx, 3dnowpref, sse, sse2, sse3, ssse3, sse4a, sse4.1, sse4.2, popcnt, lzcnt, tsc, tscinvbit, avx, avx2, aes, erms, clmul, bmi1, bmi2, adx, sha, fma, vzeroupper, clflush, clflushopt, hv, rdtscp, rdpid, fsrm, f16c, cet_ss
CPU Model and flags from /proc/cpuinfo:
model name	: AMD EPYC 7763 64-Core Processor
flags		: fpu vme de pse tsc msr pae mce cx8 apic sep mtrr pge mca cmov pat pse36 clflush mmx fxsr sse sse2 ht syscall nx mmxext fxsr_opt pdpe1gb rdtscp lm constant_tsc rep_good nopl tsc_reliable nonstop_tsc cpuid extd_apicid aperfmperf tsc_known_freq pni pclmulqdq ssse3 fma cx16 pcid sse4_1 sse4_2 movbe popcnt aes xsave avx f16c rdrand hypervisor lahf_lm cmp_legacy svm cr8_legacy abm sse4a misalignsse 3dnowprefetch osvw topoext vmmcall fsgsbase bmi1 avx2 smep bmi2 erms invpcid rdseed adx smap clflushopt clwb sha_ni xsaveopt xsavec xgetbv1 xsaves user_shstk clzero xsaveerptr rdpru arat npt nrip_save tsc_scale vmcb_clean flushbyasid decodeassists pausefilter pfthreshold v_vmsave_vmload umip vaes vpclmulqdq rdpid fsrm

Online cpus: 0-1
Offline cpus: 
BIOS frequency limitation: <Not Available>
Frequency switch latency (ns): <Not Available>
Available cpu frequencies: <Not Available>
Current governor: <Not Available>
Core performance/turbo boost: <Not Available>

Memory: 4k page, physical 8129224k(6386064k free), swap 0k(0k free)
Page Sizes: 4k

vm_info: OpenJDK 64-Bit Server VM (21.0.6+7-LTS) for linux-amd64 JRE (21.0.6+7-LTS), built on 2025-01-08T22:59:09Z by "MicrosoftCorporation" with gcc 11.3.0

END.
