#
# There is insufficient memory for the Java Runtime Environment to continue.
# Native memory allocation (mmap) failed to map 17179869184 bytes. Error detail: committing reserved memory.
# Possible reasons:
#   The system is out of physical RAM or swap space
#   This process is running with CompressedOops enabled, and the Java Heap may be blocking the growth of the native heap
# Possible solutions:
#   Reduce memory load on the system
#   Increase physical memory or swap space
#   Check if swap backing store is full
#   Decrease Java heap size (-Xmx/-Xms)
#   Decrease number of Java threads
#   Decrease Java thread stack sizes (-Xss)
#   Set larger code cache with -XX:ReservedCodeCacheSize=
#   JVM is running with Zero Based Compressed Oops mode in which the Java heap is
#     placed in the first 32GB address space. The Java Heap base address is the
#     maximum limit for the native heap growth. Please use -XX:HeapBaseMinAddress
#     to set the Java Heap base and to place the Java Heap above 32GB virtual address.
# This output file may be truncated or incomplete.
#
#  Out of Memory Error (os_linux.cpp:2793), pid=18371, tid=18372
#
# JRE version:  (21.0.6+7) (build )
# Java VM: OpenJDK 64-Bit Server VM (21.0.6+7-LTS, mixed mode, sharing, tiered, compressed oops, compressed class ptrs, g1 gc, linux-amd64)
# Core dump will be written. Default location: Core dumps may be processed with "/usr/share/apport/apport -p%p -s%s -c%c -d%d -P%P -u%u -g%g -- %E" (or dumping to /workspaces/server-minecraft/core.18371)
#

---------------  S U M M A R Y ------------

Command Line: -Dcom.mojang.eula.agree=true -Xms16G -Xmx16G fabric-server-launch.jar nogui

Host: AMD EPYC 7763 64-Core Processor, 2 cores, 7G, Ubuntu 20.04.6 LTS
Time: Sat May  3 01:16:14 2025 UTC elapsed time: 0.004956 seconds (0d 0h 0m 0s)

---------------  T H R E A D  ---------------

Current thread (0x000075b60c02a5d0):  JavaThread "Unknown thread" [_thread_in_vm, id=18372, stack(0x000075b611d70000,0x000075b611e71000) (1028K)]

Stack: [0x000075b611d70000,0x000075b611e71000],  sp=0x000075b611e6f4b0,  free space=1021k
Native frames: (J=compiled Java code, j=interpreted, Vv=VM code, C=native code)
V  [libjvm.so+0x100b3b8]  VMError::report_and_die(int, char const*, char const*, __va_list_tag*, Thread*, unsigned char*, void*, void*, char const*, int, unsigned long)+0x2b8  (os_linux.cpp:2793)
V  [libjvm.so+0x100bdad]
V  [libjvm.so+0x6bbe2f]
V  [libjvm.so+0xd071b4]  os::pd_commit_memory_or_exit(char*, unsigned long, unsigned long, bool, char const*)+0xd4
V  [libjvm.so+0xd0062d]  os::commit_memory_or_exit(char*, unsigned long, unsigned long, bool, char const*)+0x1d
V  [libjvm.so+0x818f4b]  G1PageBasedVirtualSpace::commit(unsigned long, unsigned long)+0xfb
V  [libjvm.so+0x82f06f]  G1RegionsLargerThanCommitSizeMapper::commit_regions(unsigned int, unsigned long, WorkerThreads*)+0x9f
V  [libjvm.so+0x8be8f5]  HeapRegionManager::commit_regions(unsigned int, unsigned long, WorkerThreads*)+0x55
V  [libjvm.so+0x8c0562]  HeapRegionManager::expand(unsigned int, unsigned int, WorkerThreads*)+0x32
V  [libjvm.so+0x8c078e]  HeapRegionManager::expand_by(unsigned int, WorkerThreads*)+0x7e
V  [libjvm.so+0x7d341f]  G1CollectedHeap::expand(unsigned long, WorkerThreads*, double*)+0xff
V  [libjvm.so+0x7d3a34]  G1CollectedHeap::initialize()+0x5c4
V  [libjvm.so+0xfad686]  universe_init()+0xd6
V  [libjvm.so+0x8deeb7]  init_globals()+0x37
V  [libjvm.so+0xf8c6d5]  Threads::create_vm(JavaVMInitArgs*, bool*)+0x2b5
V  [libjvm.so+0x9b9a0f]  JNI_CreateJavaVM+0x4f
C  [libjli.so+0x42bb]  JavaMain+0x8b
C  [libjli.so+0x7e09]  ThreadJavaMain+0x9

---------------  P R O C E S S  ---------------

Threads class SMR info:
_java_thread_list=0x000075b61353cdc0, length=0, elements={
}

Java Threads: ( => current thread )
Total: 0

Other Threads:
  0x000075b60c0546b0 WorkerThread "GC Thread#0"                     [id=18373, stack(0x000075b611724000,0x000075b611824000) (1024K)]
  0x000075b60c065c70 ConcurrentGCThread "G1 Main Marker"            [id=18374, stack(0x000075b611623000,0x000075b611723000) (1024K)]
  0x000075b60c066c10 WorkerThread "G1 Conc#0"                       [id=18375, stack(0x000075b611522000,0x000075b611622000) (1024K)]

[error occurred during error reporting (printing all threads), id 0xb, SIGSEGV (0xb) at pc=0x000075b6127b6370]
VM state: not at safepoint (not fully initialized)

VM Mutex/Monitor currently owned by a thread:  ([mutex/lock_event])
[0x000075b613516c78] Heap_lock - owner thread: 0x000075b60c02a5d0

Heap address: 0x0000000400000000, size: 16384 MB, Compressed Oops mode: Zero based, Oop shift amount: 3

CDS archive(s) mapped at: [0x0000000000000000-0x0000000000000000-0x0000000000000000), size 0, SharedBaseAddress: 0x0000000800000000, ArchiveRelocationMode: 1.
Narrow klass base: 0x0000000000000000, Narrow klass shift: 0, Narrow klass range: 0x0

GC Precious Log:
 CardTable entry size: 512
 Card Set container configuration: InlinePtr #cards 4 size 8 Array Of Cards #cards 64 size 144 Howl #buckets 8 coarsen threshold 14745 Howl Bitmap #cards 2048 size 272 coarsen threshold 1843 Card regions per heap region 1 cards per card region 16384

Heap:
 garbage-first heap   total 0K, used 0K [0x0000000400000000, 0x0000000800000000)
  region size 8192K, 0 young (0K), 0 survivors (0K)

[error occurred during error reporting (printing heap information), id 0xb, SIGSEGV (0xb) at pc=0x000075b612d7c9ea]
GC Heap History (0 events):
No events

Dll operation events (1 events):
Event: 0.002 Loaded shared library /usr/local/sdkman/candidates/java/21.0.6-ms/lib/libjava.so

Deoptimization events (0 events):
No events

Classes loaded (0 events):
No events

Classes unloaded (0 events):
No events

Classes redefined (0 events):
No events

Internal exceptions (0 events):
No events

ZGC Phase Switch (0 events):
No events

VM Operations (0 events):
No events

Memory protections (1 events):
Event: 0.001 Protecting memory [0x000075b611d70000,0x000075b611d74000] with protection modes 0

Nmethod flushes (0 events):
No events

Events (0 events):
No events


Dynamic libraries:
5be2b6843000-5be2b6844000 r-xp 00000000 00:2a 118191                     /usr/local/sdkman/candidates/java/21.0.6-ms/bin/java
5be2b6845000-5be2b6846000 r--p 00001000 00:2a 118191                     /usr/local/sdkman/candidates/java/21.0.6-ms/bin/java
5be2b6846000-5be2b6847000 rw-p 00002000 00:2a 118191                     /usr/local/sdkman/candidates/java/21.0.6-ms/bin/java
5be2e79b5000-5be2e79fb000 rw-p 00000000 00:00 0                          [heap]
75b5d0000000-75b5d0021000 rw-p 00000000 00:00 0 
75b5d0021000-75b5d4000000 ---p 00000000 00:00 0 
75b5d4000000-75b5d4021000 rw-p 00000000 00:00 0 
75b5d4021000-75b5d8000000 ---p 00000000 00:00 0 
75b5da000000-75b5dc000000 rw-p 00000000 00:00 0 
75b5dc000000-75b5dc021000 rw-p 00000000 00:00 0 
75b5dc021000-75b5e0000000 ---p 00000000 00:00 0 
75b5e0800000-75b5f4800000 ---p 00000000 00:00 0 
75b5f4800000-75b5f4a70000 rwxp 00000000 00:00 0 
75b5f4a70000-75b5fbd38000 ---p 00000000 00:00 0 
75b5fbd38000-75b5fbfa8000 rwxp 00000000 00:00 0 
75b5fbfa8000-75b5fc2c7000 ---p 00000000 00:00 0 
75b5fc2c7000-75b5fc537000 rwxp 00000000 00:00 0 
75b5fc537000-75b603800000 ---p 00000000 00:00 0 
75b60389c000-75b60c000000 r--s 00000000 00:2a 118678                     /usr/local/sdkman/candidates/java/21.0.6-ms/lib/modules
75b60c000000-75b60c07c000 rw-p 00000000 00:00 0 
75b60c07c000-75b610000000 ---p 00000000 00:00 0 
75b610e00000-75b6110e6000 rw-p 00000000 00:00 0 
75b61119a000-75b611521000 rw-p 00000000 00:00 0 
75b611521000-75b611522000 ---p 00000000 00:00 0 
75b611522000-75b611622000 rw-p 00000000 00:00 0 
75b611622000-75b611623000 ---p 00000000 00:00 0 
75b611623000-75b611723000 rw-p 00000000 00:00 0 
75b611723000-75b611724000 ---p 00000000 00:00 0 
75b611724000-75b611824000 rw-p 00000000 00:00 0 
75b611824000-75b611b32000 rw-p 00000000 00:00 0 
75b611b32000-75b611c18000 ---p 00000000 00:00 0 
75b611c18000-75b611c1d000 rw-p 00000000 00:00 0 
75b611c1d000-75b611d03000 ---p 00000000 00:00 0 
75b611d03000-75b611d08000 rw-p 00000000 00:00 0 
75b611d08000-75b611d0f000 ---p 00000000 00:00 0 
75b611d0f000-75b611d2f000 r-xp 00000000 00:2a 118653                     /usr/local/sdkman/candidates/java/21.0.6-ms/lib/libjava.so
75b611d2f000-75b611d30000 ---p 00020000 00:2a 118653                     /usr/local/sdkman/candidates/java/21.0.6-ms/lib/libjava.so
75b611d30000-75b611d31000 r--p 00020000 00:2a 118653                     /usr/local/sdkman/candidates/java/21.0.6-ms/lib/libjava.so
75b611d31000-75b611d32000 rw-p 00021000 00:2a 118653                     /usr/local/sdkman/candidates/java/21.0.6-ms/lib/libjava.so
75b611d32000-75b611d33000 rw-p 00000000 00:00 0 
75b611d33000-75b611d36000 r--p 00000000 00:2a 1052201                    /usr/lib/x86_64-linux-gnu/libnss_files-2.31.so
75b611d36000-75b611d3d000 r-xp 00003000 00:2a 1052201                    /usr/lib/x86_64-linux-gnu/libnss_files-2.31.so
75b611d3d000-75b611d3f000 r--p 0000a000 00:2a 1052201                    /usr/lib/x86_64-linux-gnu/libnss_files-2.31.so
75b611d3f000-75b611d40000 r--p 0000b000 00:2a 1052201                    /usr/lib/x86_64-linux-gnu/libnss_files-2.31.so
75b611d40000-75b611d41000 rw-p 0000c000 00:2a 1052201                    /usr/lib/x86_64-linux-gnu/libnss_files-2.31.so
75b611d41000-75b611d47000 rw-p 00000000 00:00 0 
75b611d51000-75b611d6c000 r-xp 00000000 00:2a 118657                     /usr/local/sdkman/candidates/java/21.0.6-ms/lib/libjimage.so
75b611d6c000-75b611d6d000 ---p 0001b000 00:2a 118657                     /usr/local/sdkman/candidates/java/21.0.6-ms/lib/libjimage.so
75b611d6d000-75b611d6f000 r--p 0001b000 00:2a 118657                     /usr/local/sdkman/candidates/java/21.0.6-ms/lib/libjimage.so
75b611d6f000-75b611d70000 rw-p 0001d000 00:2a 118657                     /usr/local/sdkman/candidates/java/21.0.6-ms/lib/libjimage.so
75b611d70000-75b611d74000 ---p 00000000 00:00 0 
75b611d74000-75b611e71000 rw-p 00000000 00:00 0 
75b611e71000-75b611e7e000 r--p 00000000 00:2a 1052190                    /usr/lib/x86_64-linux-gnu/libm-2.31.so
75b611e7e000-75b611f25000 r-xp 0000d000 00:2a 1052190                    /usr/lib/x86_64-linux-gnu/libm-2.31.so
75b611f25000-75b611fbe000 r--p 000b4000 00:2a 1052190                    /usr/lib/x86_64-linux-gnu/libm-2.31.so
75b611fbe000-75b611fbf000 r--p 0014c000 00:2a 1052190                    /usr/lib/x86_64-linux-gnu/libm-2.31.so
75b611fbf000-75b611fc0000 rw-p 0014d000 00:2a 1052190                    /usr/lib/x86_64-linux-gnu/libm-2.31.so
75b611fc0000-75b611fc2000 r--p 00000000 00:2a 1052214                    /usr/lib/x86_64-linux-gnu/librt-2.31.so
75b611fc2000-75b611fc6000 r-xp 00002000 00:2a 1052214                    /usr/lib/x86_64-linux-gnu/librt-2.31.so
75b611fc6000-75b611fc8000 r--p 00006000 00:2a 1052214                    /usr/lib/x86_64-linux-gnu/librt-2.31.so
75b611fc8000-75b611fc9000 r--p 00007000 00:2a 1052214                    /usr/lib/x86_64-linux-gnu/librt-2.31.so
75b611fc9000-75b611fca000 rw-p 00008000 00:2a 1052214                    /usr/lib/x86_64-linux-gnu/librt-2.31.so
75b611fca000-75b6133e0000 r-xp 00000000 00:2a 118690                     /usr/local/sdkman/candidates/java/21.0.6-ms/lib/server/libjvm.so
75b6133e0000-75b6133e1000 ---p 01416000 00:2a 118690                     /usr/local/sdkman/candidates/java/21.0.6-ms/lib/server/libjvm.so
75b6133e1000-75b6134b5000 r--p 01416000 00:2a 118690                     /usr/local/sdkman/candidates/java/21.0.6-ms/lib/server/libjvm.so
75b6134b5000-75b6134e5000 rw-p 014ea000 00:2a 118690                     /usr/local/sdkman/candidates/java/21.0.6-ms/lib/server/libjvm.so
75b6134e5000-75b61354d000 rw-p 00000000 00:00 0 
75b61354d000-75b61356f000 r--p 00000000 00:2a 1052184                    /usr/lib/x86_64-linux-gnu/libc-2.31.so
75b61356f000-75b6136e7000 r-xp 00022000 00:2a 1052184                    /usr/lib/x86_64-linux-gnu/libc-2.31.so
75b6136e7000-75b613735000 r--p 0019a000 00:2a 1052184                    /usr/lib/x86_64-linux-gnu/libc-2.31.so
75b613735000-75b613739000 r--p 001e7000 00:2a 1052184                    /usr/lib/x86_64-linux-gnu/libc-2.31.so
75b613739000-75b61373b000 rw-p 001eb000 00:2a 1052184                    /usr/lib/x86_64-linux-gnu/libc-2.31.so
75b61373b000-75b61373f000 rw-p 00000000 00:00 0 
75b61373f000-75b613740000 r--p 00000000 00:2a 1052186                    /usr/lib/x86_64-linux-gnu/libdl-2.31.so
75b613740000-75b613742000 r-xp 00001000 00:2a 1052186                    /usr/lib/x86_64-linux-gnu/libdl-2.31.so
75b613742000-75b613743000 r--p 00003000 00:2a 1052186                    /usr/lib/x86_64-linux-gnu/libdl-2.31.so
75b613743000-75b613744000 r--p 00003000 00:2a 1052186                    /usr/lib/x86_64-linux-gnu/libdl-2.31.so
75b613744000-75b613745000 rw-p 00004000 00:2a 1052186                    /usr/lib/x86_64-linux-gnu/libdl-2.31.so
75b613745000-75b61374b000 r--p 00000000 00:2a 1052210                    /usr/lib/x86_64-linux-gnu/libpthread-2.31.so
75b61374b000-75b61375c000 r-xp 00006000 00:2a 1052210                    /usr/lib/x86_64-linux-gnu/libpthread-2.31.so
75b61375c000-75b613762000 r--p 00017000 00:2a 1052210                    /usr/lib/x86_64-linux-gnu/libpthread-2.31.so
75b613762000-75b613763000 r--p 0001c000 00:2a 1052210                    /usr/lib/x86_64-linux-gnu/libpthread-2.31.so
75b613763000-75b613764000 rw-p 0001d000 00:2a 1052210                    /usr/lib/x86_64-linux-gnu/libpthread-2.31.so
75b613764000-75b613768000 rw-p 00000000 00:00 0 
75b613768000-75b613776000 r-xp 00000000 00:2a 118658                     /usr/local/sdkman/candidates/java/21.0.6-ms/lib/libjli.so
75b613776000-75b613777000 ---p 0000e000 00:2a 118658                     /usr/local/sdkman/candidates/java/21.0.6-ms/lib/libjli.so
75b613777000-75b613778000 r--p 0000e000 00:2a 118658                     /usr/local/sdkman/candidates/java/21.0.6-ms/lib/libjli.so
75b613778000-75b613779000 rw-p 0000f000 00:2a 118658                     /usr/local/sdkman/candidates/java/21.0.6-ms/lib/libjli.so
75b613779000-75b61377b000 r--p 00000000 00:2a 1049643                    /usr/lib/x86_64-linux-gnu/libz.so.1.2.11
75b61377b000-75b61378c000 r-xp 00002000 00:2a 1049643                    /usr/lib/x86_64-linux-gnu/libz.so.1.2.11
75b61378c000-75b613792000 r--p 00013000 00:2a 1049643                    /usr/lib/x86_64-linux-gnu/libz.so.1.2.11
75b613792000-75b613793000 ---p 00019000 00:2a 1049643                    /usr/lib/x86_64-linux-gnu/libz.so.1.2.11
75b613793000-75b613794000 r--p 00019000 00:2a 1049643                    /usr/lib/x86_64-linux-gnu/libz.so.1.2.11
75b613794000-75b613795000 rw-p 0001a000 00:2a 1049643                    /usr/lib/x86_64-linux-gnu/libz.so.1.2.11
75b613795000-75b61379d000 rw-s 00000000 08:21 1703954                    /tmp/hsperfdata_codespace/18371
75b61379d000-75b61379e000 ---p 00000000 00:00 0 
75b61379e000-75b61379f000 r--p 00000000 00:00 0 
75b61379f000-75b6137a1000 rw-p 00000000 00:00 0 
75b6137a1000-75b6137a2000 r--p 00000000 00:2a 1052177                    /usr/lib/x86_64-linux-gnu/ld-2.31.so
75b6137a2000-75b6137c5000 r-xp 00001000 00:2a 1052177                    /usr/lib/x86_64-linux-gnu/ld-2.31.so
75b6137c5000-75b6137cd000 r--p 00024000 00:2a 1052177                    /usr/lib/x86_64-linux-gnu/ld-2.31.so
75b6137cd000-75b6137ce000 ---p 00000000 00:00 0 
75b6137ce000-75b6137cf000 r--p 0002c000 00:2a 1052177                    /usr/lib/x86_64-linux-gnu/ld-2.31.so
75b6137cf000-75b6137d0000 rw-p 0002d000 00:2a 1052177                    /usr/lib/x86_64-linux-gnu/ld-2.31.so
75b6137d0000-75b6137d1000 rw-p 00000000 00:00 0 
7ffe1c765000-7ffe1c787000 rw-p 00000000 00:00 0                          [stack]
7ffe1c7b5000-7ffe1c7b9000 r--p 00000000 00:00 0                          [vvar]
7ffe1c7b9000-7ffe1c7bb000 r-xp 00000000 00:00 0                          [vdso]
ffffffffff600000-ffffffffff601000 --xp 00000000 00:00 0                  [vsyscall]
Total number of mappings: 109


VM Arguments:
jvm_args: -Dcom.mojang.eula.agree=true -Xms16G -Xmx16G 
java_command: fabric-server-launch.jar nogui
java_class_path (initial): fabric-server-launch.jar
Launcher Type: SUN_STANDARD

[Global flags]
     intx CICompilerCount                          = 2                                         {product} {ergonomic}
     uint ConcGCThreads                            = 1                                         {product} {ergonomic}
     uint G1ConcRefinementThreads                  = 2                                         {product} {ergonomic}
   size_t G1HeapRegionSize                         = 8388608                                   {product} {ergonomic}
    uintx GCDrainStackTargetSize                   = 64                                        {product} {ergonomic}
   size_t InitialHeapSize                          = 17179869184                               {product} {command line}
   size_t MarkStackSize                            = 4194304                                   {product} {ergonomic}
   size_t MaxHeapSize                              = 17179869184                               {product} {command line}
   size_t MinHeapDeltaBytes                        = 8388608                                   {product} {ergonomic}
   size_t MinHeapSize                              = 17179869184                               {product} {command line}
    uintx NonNMethodCodeHeapSize                   = 5826188                                {pd product} {ergonomic}
    uintx NonProfiledCodeHeapSize                  = 122916026                              {pd product} {ergonomic}
    uintx ProfiledCodeHeapSize                     = 122916026                              {pd product} {ergonomic}
    uintx ReservedCodeCacheSize                    = 251658240                              {pd product} {ergonomic}
     bool SegmentedCodeCache                       = true                                      {product} {ergonomic}
   size_t SoftMaxHeapSize                          = 17179869184                            {manageable} {ergonomic}
     bool UseCompressedOops                        = true                           {product lp64_product} {ergonomic}
     bool UseG1GC                                  = true                                      {product} {ergonomic}

Logging:
Log output configuration:
 #0: stdout all=warning uptime,level,tags foldmultilines=false
 #1: stderr all=off uptime,level,tags foldmultilines=false

Environment Variables:
JAVA_HOME=/usr/local/sdkman/candidates/java/current
PATH=/usr/local/rvm/gems/ruby-3.3.4/bin:/usr/local/rvm/gems/ruby-3.3.4@global/bin:/usr/local/rvm/rubies/ruby-3.3.4/bin:/vscode/bin/linux-x64/17baf841131aa23349f217ca7c570c76ee87b957/bin/remote-cli:/home/codespace/.local/bin:/home/codespace/.dotnet:/home/codespace/nvm/current/bin:/home/codespace/.php/current/bin:/home/codespace/.python/current/bin:/home/codespace/java/current/bin:/home/codespace/.ruby/current/bin:/home/codespace/.local/bin:/usr/local/python/current/bin:/usr/local/py-utils/bin:/usr/local/jupyter:/usr/local/oryx:/usr/local/go/bin:/go/bin:/usr/local/sdkman/bin:/usr/local/sdkman/candidates/java/current/bin:/usr/local/sdkman/candidates/gradle/current/bin:/usr/local/sdkman/candidates/maven/current/bin:/usr/local/sdkman/candidates/ant/current/bin:/usr/local/rvm/gems/default/bin:/usr/local/rvm/gems/default@global/bin:/usr/local/rvm/rubies/default/bin:/usr/local/share/rbenv/bin:/usr/local/php/current/bin:/opt/conda/bin:/usr/local/nvs:/usr/local/share/nvm/versions/node/v20.19.0/bin:/usr/local/hugo/bin:/usr/local/sbin:/usr/local/bin:/usr/sbin:/usr/bin:/sbin:/bin:/usr/share/dotnet:/home/codespace/.dotnet/tools:/usr/local/rvm/bin
SHELL=/bin/bash
LANG=C.UTF-8
TERM=xterm-256color

Active Locale:
LC_ALL=C
LC_COLLATE=C
LC_CTYPE=C
LC_MESSAGES=C
LC_MONETARY=C
LC_NUMERIC=C
LC_TIME=C

Signal Handlers:
   SIGSEGV: crash_handler in libjvm.so, mask=11100100010111111101111111111110, flags=SA_RESTART|SA_SIGINFO, unblocked
    SIGBUS: crash_handler in libjvm.so, mask=11100100010111111101111111111110, flags=SA_RESTART|SA_SIGINFO, unblocked
    SIGFPE: crash_handler in libjvm.so, mask=11100100010111111101111111111110, flags=SA_RESTART|SA_SIGINFO, unblocked
   SIGPIPE: javaSignalHandler in libjvm.so, mask=11100100010111111101111111111110, flags=SA_RESTART|SA_SIGINFO, blocked
   SIGXFSZ: javaSignalHandler in libjvm.so, mask=11100100010111111101111111111110, flags=SA_RESTART|SA_SIGINFO, blocked
    SIGILL: crash_handler in libjvm.so, mask=11100100010111111101111111111110, flags=SA_RESTART|SA_SIGINFO, unblocked
   SIGUSR2: SR_handler in libjvm.so, mask=00000000000000000000000000000000, flags=SA_RESTART|SA_SIGINFO, blocked
    SIGHUP: SIG_DFL, mask=00000000000000000000000000000000, flags=none, blocked
    SIGINT: SIG_DFL, mask=00000000000000000000000000000000, flags=none, blocked
   SIGTERM: SIG_DFL, mask=00000000000000000000000000000000, flags=none, blocked
   SIGQUIT: UserHandler in libjvm.so, mask=11100100010111111101111111111110, flags=SA_RESTART|SA_SIGINFO, blocked
   SIGTRAP: crash_handler in libjvm.so, mask=11100100010111111101111111111110, flags=SA_RESTART|SA_SIGINFO, unblocked


Periodic native trim disabled

---------------  S Y S T E M  ---------------

OS:
DISTRIB_ID=Ubuntu
DISTRIB_RELEASE=20.04
DISTRIB_CODENAME=focal
DISTRIB_DESCRIPTION="Ubuntu 20.04.6 LTS"
uname: Linux 6.8.0-1026-azure #31~22.04.1-Ubuntu SMP Thu Mar 20 04:12:50 UTC 2025 x86_64
OS uptime: 0 days 0:39 hours
libc: glibc 2.31 NPTL 2.31 
rlimit (soft/hard): STACK 8192k/infinity , CORE infinity/infinity , NPROC infinity/infinity , NOFILE 1048576/1048576 , AS infinity/infinity , CPU infinity/infinity , DATA infinity/infinity , FSIZE infinity/infinity , MEMLOCK 8192k/8192k
load average: 0.22 0.20 0.31

/proc/meminfo:
MemTotal:        8129224 kB
MemFree:          367428 kB
MemAvailable:    6220160 kB
Buffers:          262788 kB
Cached:          5712464 kB
SwapCached:            0 kB
Active:          2158808 kB
Inactive:        5067248 kB
Active(anon):     997252 kB
Inactive(anon):   325124 kB
Active(file):    1161556 kB
Inactive(file):  4742124 kB
Unevictable:       27848 kB
Mlocked:           27848 kB
SwapTotal:             0 kB
SwapFree:              0 kB
Zswap:                 0 kB
Zswapped:              0 kB
Dirty:               952 kB
Writeback:             0 kB
AnonPages:       1256000 kB
Mapped:           490596 kB
Shmem:             62476 kB
KReclaimable:     262872 kB
Slab:             359620 kB
SReclaimable:     262872 kB
SUnreclaim:        96748 kB
KernelStack:        8240 kB
PageTables:        27376 kB
SecPageTables:         0 kB
NFS_Unstable:          0 kB
Bounce:                0 kB
WritebackTmp:          0 kB
CommitLimit:     4064612 kB
Committed_AS:    3858160 kB
VmallocTotal:   34359738367 kB
VmallocUsed:       41356 kB
VmallocChunk:          0 kB
Percpu:             1152 kB
HardwareCorrupted:     0 kB
AnonHugePages:    647168 kB
ShmemHugePages:        0 kB
ShmemPmdMapped:        0 kB
FileHugePages:         0 kB
FilePmdMapped:         0 kB
Unaccepted:            0 kB
HugePages_Total:       0
HugePages_Free:        0
HugePages_Rsvd:        0
HugePages_Surp:        0
Hugepagesize:       2048 kB
Hugetlb:               0 kB
DirectMap4k:      106432 kB
DirectMap2M:     3039232 kB
DirectMap1G:     7340032 kB

/sys/kernel/mm/transparent_hugepage/enabled: [always] madvise never
/sys/kernel/mm/transparent_hugepage/hpage_pmd_size: 2097152
/sys/kernel/mm/transparent_hugepage/defrag (defrag/compaction efforts parameter): always defer defer+madvise [madvise] never

Process Memory:
Virtual Size: 1049504K (peak: 17822196K)
Resident Set Size: 20660K (peak: 20660K) (anon: 7092K, file: 13568K, shmem: 0K)
Swapped out: 0K
C-Heap outstanding allocations: 10001K, retained: 603K
glibc malloc tunables: (default)

/proc/sys/kernel/threads-max (system-wide limit on the number of threads): 63466
/proc/sys/vm/max_map_count (maximum number of memory map areas a process may have): 65530
/proc/sys/vm/swappiness (control to define how aggressively the kernel swaps out anonymous memory): 60
/proc/sys/kernel/pid_max (system-wide limit on number of process identifiers): 4194304

container (cgroup) information:
container_type: cgroupv2
cpu_cpuset_cpus: not supported
cpu_memory_nodes: not supported
active_processor_count: 2
cpu_quota: no quota
cpu_period: 100000
cpu_shares: no shares
memory_limit_in_bytes: unlimited
memory_and_swap_limit_in_bytes: unlimited
memory_soft_limit_in_bytes: unlimited
memory_usage_in_bytes: 2097072 k
memory_max_usage_in_bytes: not supported
memory_swap_current_in_bytes: unlimited
memory_swap_max_limit_in_bytes: unlimited
maximum number of tasks: unlimited
current number of tasks: 125

Hyper-V virtualization detected
Steal ticks since vm start: 0
Steal ticks percentage since vm start:  0.000

CPU: total 2 (initial active 2) (16 cores per cpu, 2 threads per core) family 25 model 1 stepping 1 microcode 0xffffffff, cx8, cmov, fxsr, ht, mmx, 3dnowpref, sse, sse2, sse3, ssse3, sse4a, sse4.1, sse4.2, popcnt, lzcnt, tsc, tscinvbit, avx, avx2, aes, erms, clmul, bmi1, bmi2, adx, sha, fma, vzeroupper, clflush, clflushopt, hv, rdtscp, rdpid, fsrm, f16c, cet_ss
CPU Model and flags from /proc/cpuinfo:
model name	: AMD EPYC 7763 64-Core Processor
flags		: fpu vme de pse tsc msr pae mce cx8 apic sep mtrr pge mca cmov pat pse36 clflush mmx fxsr sse sse2 ht syscall nx mmxext fxsr_opt pdpe1gb rdtscp lm constant_tsc rep_good nopl tsc_reliable nonstop_tsc cpuid extd_apicid aperfmperf tsc_known_freq pni pclmulqdq ssse3 fma cx16 pcid sse4_1 sse4_2 movbe popcnt aes xsave avx f16c rdrand hypervisor lahf_lm cmp_legacy svm cr8_legacy abm sse4a misalignsse 3dnowprefetch osvw topoext vmmcall fsgsbase bmi1 avx2 smep bmi2 erms invpcid rdseed adx smap clflushopt clwb sha_ni xsaveopt xsavec xgetbv1 xsaves user_shstk clzero xsaveerptr rdpru arat npt nrip_save tsc_scale vmcb_clean flushbyasid decodeassists pausefilter pfthreshold v_vmsave_vmload umip vaes vpclmulqdq rdpid fsrm

Online cpus: 0-1
Offline cpus: 
BIOS frequency limitation: <Not Available>
Frequency switch latency (ns): <Not Available>
Available cpu frequencies: <Not Available>
Current governor: <Not Available>
Core performance/turbo boost: <Not Available>

Memory: 4k page, physical 8129224k(6220160k free), swap 0k(0k free)
Page Sizes: 4k

vm_info: OpenJDK 64-Bit Server VM (21.0.6+7-LTS) for linux-amd64 JRE (21.0.6+7-LTS), built on 2025-01-08T22:59:09Z by "MicrosoftCorporation" with gcc 11.3.0

END.
