#
# There is insufficient memory for the Java Runtime Environment to continue.
# Native memory allocation (mmap) failed to map 11453595648 bytes. Error detail: committing reserved memory.
# Possible reasons:
#   The system is out of physical RAM or swap space
#   This process is running with CompressedOops enabled, and the Java Heap may be blocking the growth of the native heap
# Possible solutions:
#   Reduce memory load on the system
#   Increase physical memory or swap space
#   Check if swap backing store is full
#   Decrease Java heap size (-Xmx/-Xms)
#   Decrease number of Java threads
#   Decrease Java thread stack sizes (-Xss)
#   Set larger code cache with -XX:ReservedCodeCacheSize=
#   JVM is running with Zero Based Compressed Oops mode in which the Java heap is
#     placed in the first 32GB address space. The Java Heap base address is the
#     maximum limit for the native heap growth. Please use -XX:HeapBaseMinAddress
#     to set the Java Heap base and to place the Java Heap above 32GB virtual address.
# This output file may be truncated or incomplete.
#
#  Out of Memory Error (os_linux.cpp:2793), pid=8656, tid=8657
#
# JRE version:  (21.0.6+7) (build )
# Java VM: OpenJDK 64-Bit Server VM (21.0.6+7-LTS, mixed mode, sharing, tiered, compressed oops, compressed class ptrs, parallel gc, linux-amd64)
# Core dump will be written. Default location: Core dumps may be processed with "/usr/share/apport/apport -p%p -s%s -c%c -d%d -P%P -u%u -g%g -- %E" (or dumping to /workspaces/server-minecraft/core.8656)
#

---------------  S U M M A R Y ------------

Command Line: -Dcom.mojang.eula.agree=true -Xms16G -Xmx16G -XX:+UseParallelGC -XX:ParallelGCThreads=4 fabric-server-launch.jar nogui

Host: AMD EPYC 7763 64-Core Processor, 2 cores, 7G, Ubuntu 20.04.6 LTS
Time: Sat May  3 00:59:41 2025 UTC elapsed time: 0.006833 seconds (0d 0h 0m 0s)

---------------  T H R E A D  ---------------

Current thread (0x000079f21002a660):  JavaThread "Unknown thread" [_thread_in_vm, id=8657, stack(0x000079f214636000,0x000079f214737000) (1028K)]

Stack: [0x000079f214636000,0x000079f214737000],  sp=0x000079f214735570,  free space=1021k
Native frames: (J=compiled Java code, j=interpreted, Vv=VM code, C=native code)
V  [libjvm.so+0x100b3b8]  VMError::report_and_die(int, char const*, char const*, __va_list_tag*, Thread*, unsigned char*, void*, void*, char const*, int, unsigned long)+0x2b8  (os_linux.cpp:2793)
V  [libjvm.so+0x100bdad]
V  [libjvm.so+0x6bbe2f]
V  [libjvm.so+0xd07051]  os::pd_commit_memory(char*, unsigned long, unsigned long, bool)+0xd1
V  [libjvm.so+0xd0051f]  os::commit_memory(char*, unsigned long, unsigned long, bool)+0x1f
V  [libjvm.so+0xd8c13b]  PSVirtualSpace::expand_by(unsigned long)+0x4b
V  [libjvm.so+0xd7bf67]  PSOldGen::PSOldGen(ReservedSpace, unsigned long, unsigned long, unsigned long, char const*, int)+0x107
V  [libjvm.so+0xd325da]  ParallelScavengeHeap::initialize()+0x27a
V  [libjvm.so+0xfad686]  universe_init()+0xd6
V  [libjvm.so+0x8deeb7]  init_globals()+0x37
V  [libjvm.so+0xf8c6d5]  Threads::create_vm(JavaVMInitArgs*, bool*)+0x2b5
V  [libjvm.so+0x9b9a0f]  JNI_CreateJavaVM+0x4f
C  [libjli.so+0x42bb]  JavaMain+0x8b
C  [libjli.so+0x7e09]  ThreadJavaMain+0x9

---------------  P R O C E S S  ---------------

Threads class SMR info:
_java_thread_list=0x000079f215e02dc0, length=0, elements={
}

Java Threads: ( => current thread )
Total: 0

Other Threads:
  0x000079f210042520 WorkerThread "GC Thread#0"                     [id=8658, stack(0x000079f2142f3000,0x000079f2143f3000) (1024K)]

=>0x000079f21002a660 (exited) JavaThread "Unknown thread"    [_thread_in_vm, id=8657, stack(0x000079f214636000,0x000079f214737000) (1028K)]
Total: 2

Threads with active compile tasks:
Total: 0

VM state: not at safepoint (not fully initialized)

VM Mutex/Monitor currently owned by a thread: None

Heap address: 0x0000000400000000, size: 16384 MB, Compressed Oops mode: Zero based, Oop shift amount: 3

CDS archive(s) mapped at: [0x0000000000000000-0x0000000000000000-0x0000000000000000), size 0, SharedBaseAddress: 0x0000000800000000, ArchiveRelocationMode: 1.
Narrow klass base: 0x0000000000000000, Narrow klass shift: 0, Narrow klass range: 0x0

GC Precious Log:
 CardTable entry size: 512

Heap:
 PSYoungGen      total 4893184K, used 0K [0x00000006aab00000, 0x0000000800000000, 0x0000000800000000)
  eden space 4194304K, 0% used [0x00000006aab00000,0x00000006aab00000,0x00000007aab00000)
  from space 698880K, 0% used [0x00000007d5580000,0x00000007d5580000,0x0000000800000000)
  to   space 698880K, 0% used [0x00000007aab00000,0x00000007aab00000,0x00000007d5580000)

[error occurred during error reporting (printing heap information), id 0xb, SIGSEGV (0xb) at pc=0x000079f2156429ea]
GC Heap History (0 events):
No events

Dll operation events (1 events):
Event: 0.002 Loaded shared library /usr/local/sdkman/candidates/java/21.0.6-ms/lib/libjava.so

Deoptimization events (0 events):
No events

Classes loaded (0 events):
No events

Classes unloaded (0 events):
No events

Classes redefined (0 events):
No events

Internal exceptions (0 events):
No events

ZGC Phase Switch (0 events):
No events

VM Operations (0 events):
No events

Memory protections (1 events):
Event: 0.002 Protecting memory [0x000079f214636000,0x000079f21463a000] with protection modes 0

Nmethod flushes (0 events):
No events

Events (0 events):
No events


Dynamic libraries:
6aab00000-800000000 rw-p 00000000 00:00 0 
60f39512e000-60f39512f000 r-xp 00000000 00:2a 118191                     /usr/local/sdkman/candidates/java/21.0.6-ms/bin/java
60f395130000-60f395131000 r--p 00001000 00:2a 118191                     /usr/local/sdkman/candidates/java/21.0.6-ms/bin/java
60f395131000-60f395132000 rw-p 00002000 00:2a 118191                     /usr/local/sdkman/candidates/java/21.0.6-ms/bin/java
60f3b9d01000-60f3b9d47000 rw-p 00000000 00:00 0                          [heap]
79f1f0000000-79f1f0021000 rw-p 00000000 00:00 0 
79f1f0021000-79f1f4000000 ---p 00000000 00:00 0 
79f1f6200000-79f1f64e6000 rw-p 00000000 00:00 0 
79f1f6600000-79f1f7b55000 ---p 00000000 00:00 0 
79f1f7b55000-79f1f8600000 rw-p 00000000 00:00 0 
79f1f8600000-79f1f8601000 ---p 00000000 00:00 0 
79f1f8800000-79f1f8a70000 rwxp 00000000 00:00 0 
79f1f8a70000-79f1ffd38000 ---p 00000000 00:00 0 
79f1ffd38000-79f1fffa8000 rwxp 00000000 00:00 0 
79f1fffa8000-79f2002c7000 ---p 00000000 00:00 0 
79f2002c7000-79f200537000 rwxp 00000000 00:00 0 
79f200537000-79f207800000 ---p 00000000 00:00 0 
79f20789c000-79f210000000 r--s 00000000 00:2a 118678                     /usr/local/sdkman/candidates/java/21.0.6-ms/lib/modules
79f210000000-79f210050000 rw-p 00000000 00:00 0 
79f210050000-79f214000000 ---p 00000000 00:00 0 
79f21416d000-79f2142f2000 rw-p 00000000 00:00 0 
79f2142f2000-79f2142f3000 ---p 00000000 00:00 0 
79f2142f3000-79f2143f3000 rw-p 00000000 00:00 0 
79f2143f3000-79f2143f8000 rw-p 00000000 00:00 0 
79f2143f8000-79f2144de000 ---p 00000000 00:00 0 
79f2144de000-79f2144e3000 rw-p 00000000 00:00 0 
79f2144e3000-79f2145c9000 ---p 00000000 00:00 0 
79f2145c9000-79f2145ce000 rw-p 00000000 00:00 0 
79f2145ce000-79f2145d5000 ---p 00000000 00:00 0 
79f2145d5000-79f2145f5000 r-xp 00000000 00:2a 118653                     /usr/local/sdkman/candidates/java/21.0.6-ms/lib/libjava.so
79f2145f5000-79f2145f6000 ---p 00020000 00:2a 118653                     /usr/local/sdkman/candidates/java/21.0.6-ms/lib/libjava.so
79f2145f6000-79f2145f7000 r--p 00020000 00:2a 118653                     /usr/local/sdkman/candidates/java/21.0.6-ms/lib/libjava.so
79f2145f7000-79f2145f8000 rw-p 00021000 00:2a 118653                     /usr/local/sdkman/candidates/java/21.0.6-ms/lib/libjava.so
79f2145f8000-79f2145f9000 rw-p 00000000 00:00 0 
79f2145f9000-79f2145fc000 r--p 00000000 00:2a 1052201                    /usr/lib/x86_64-linux-gnu/libnss_files-2.31.so
79f2145fc000-79f214603000 r-xp 00003000 00:2a 1052201                    /usr/lib/x86_64-linux-gnu/libnss_files-2.31.so
79f214603000-79f214605000 r--p 0000a000 00:2a 1052201                    /usr/lib/x86_64-linux-gnu/libnss_files-2.31.so
79f214605000-79f214606000 r--p 0000b000 00:2a 1052201                    /usr/lib/x86_64-linux-gnu/libnss_files-2.31.so
79f214606000-79f214607000 rw-p 0000c000 00:2a 1052201                    /usr/lib/x86_64-linux-gnu/libnss_files-2.31.so
79f214607000-79f21460d000 rw-p 00000000 00:00 0 
79f214617000-79f214632000 r-xp 00000000 00:2a 118657                     /usr/local/sdkman/candidates/java/21.0.6-ms/lib/libjimage.so
79f214632000-79f214633000 ---p 0001b000 00:2a 118657                     /usr/local/sdkman/candidates/java/21.0.6-ms/lib/libjimage.so
79f214633000-79f214635000 r--p 0001b000 00:2a 118657                     /usr/local/sdkman/candidates/java/21.0.6-ms/lib/libjimage.so
79f214635000-79f214636000 rw-p 0001d000 00:2a 118657                     /usr/local/sdkman/candidates/java/21.0.6-ms/lib/libjimage.so
79f214636000-79f21463a000 ---p 00000000 00:00 0 
79f21463a000-79f214737000 rw-p 00000000 00:00 0 
79f214737000-79f214744000 r--p 00000000 00:2a 1052190                    /usr/lib/x86_64-linux-gnu/libm-2.31.so
79f214744000-79f2147eb000 r-xp 0000d000 00:2a 1052190                    /usr/lib/x86_64-linux-gnu/libm-2.31.so
79f2147eb000-79f214884000 r--p 000b4000 00:2a 1052190                    /usr/lib/x86_64-linux-gnu/libm-2.31.so
79f214884000-79f214885000 r--p 0014c000 00:2a 1052190                    /usr/lib/x86_64-linux-gnu/libm-2.31.so
79f214885000-79f214886000 rw-p 0014d000 00:2a 1052190                    /usr/lib/x86_64-linux-gnu/libm-2.31.so
79f214886000-79f214888000 r--p 00000000 00:2a 1052214                    /usr/lib/x86_64-linux-gnu/librt-2.31.so
79f214888000-79f21488c000 r-xp 00002000 00:2a 1052214                    /usr/lib/x86_64-linux-gnu/librt-2.31.so
79f21488c000-79f21488e000 r--p 00006000 00:2a 1052214                    /usr/lib/x86_64-linux-gnu/librt-2.31.so
79f21488e000-79f21488f000 r--p 00007000 00:2a 1052214                    /usr/lib/x86_64-linux-gnu/librt-2.31.so
79f21488f000-79f214890000 rw-p 00008000 00:2a 1052214                    /usr/lib/x86_64-linux-gnu/librt-2.31.so
79f214890000-79f215ca6000 r-xp 00000000 00:2a 118690                     /usr/local/sdkman/candidates/java/21.0.6-ms/lib/server/libjvm.so
79f215ca6000-79f215ca7000 ---p 01416000 00:2a 118690                     /usr/local/sdkman/candidates/java/21.0.6-ms/lib/server/libjvm.so
79f215ca7000-79f215d7b000 r--p 01416000 00:2a 118690                     /usr/local/sdkman/candidates/java/21.0.6-ms/lib/server/libjvm.so
79f215d7b000-79f215dab000 rw-p 014ea000 00:2a 118690                     /usr/local/sdkman/candidates/java/21.0.6-ms/lib/server/libjvm.so
79f215dab000-79f215e13000 rw-p 00000000 00:00 0 
79f215e13000-79f215e35000 r--p 00000000 00:2a 1052184                    /usr/lib/x86_64-linux-gnu/libc-2.31.so
79f215e35000-79f215fad000 r-xp 00022000 00:2a 1052184                    /usr/lib/x86_64-linux-gnu/libc-2.31.so
79f215fad000-79f215ffb000 r--p 0019a000 00:2a 1052184                    /usr/lib/x86_64-linux-gnu/libc-2.31.so
79f215ffb000-79f215fff000 r--p 001e7000 00:2a 1052184                    /usr/lib/x86_64-linux-gnu/libc-2.31.so
79f215fff000-79f216001000 rw-p 001eb000 00:2a 1052184                    /usr/lib/x86_64-linux-gnu/libc-2.31.so
79f216001000-79f216005000 rw-p 00000000 00:00 0 
79f216005000-79f216006000 r--p 00000000 00:2a 1052186                    /usr/lib/x86_64-linux-gnu/libdl-2.31.so
79f216006000-79f216008000 r-xp 00001000 00:2a 1052186                    /usr/lib/x86_64-linux-gnu/libdl-2.31.so
79f216008000-79f216009000 r--p 00003000 00:2a 1052186                    /usr/lib/x86_64-linux-gnu/libdl-2.31.so
79f216009000-79f21600a000 r--p 00003000 00:2a 1052186                    /usr/lib/x86_64-linux-gnu/libdl-2.31.so
79f21600a000-79f21600b000 rw-p 00004000 00:2a 1052186                    /usr/lib/x86_64-linux-gnu/libdl-2.31.so
79f21600b000-79f216011000 r--p 00000000 00:2a 1052210                    /usr/lib/x86_64-linux-gnu/libpthread-2.31.so
79f216011000-79f216022000 r-xp 00006000 00:2a 1052210                    /usr/lib/x86_64-linux-gnu/libpthread-2.31.so
79f216022000-79f216028000 r--p 00017000 00:2a 1052210                    /usr/lib/x86_64-linux-gnu/libpthread-2.31.so
79f216028000-79f216029000 r--p 0001c000 00:2a 1052210                    /usr/lib/x86_64-linux-gnu/libpthread-2.31.so
79f216029000-79f21602a000 rw-p 0001d000 00:2a 1052210                    /usr/lib/x86_64-linux-gnu/libpthread-2.31.so
79f21602a000-79f21602e000 rw-p 00000000 00:00 0 
79f21602e000-79f21603c000 r-xp 00000000 00:2a 118658                     /usr/local/sdkman/candidates/java/21.0.6-ms/lib/libjli.so
79f21603c000-79f21603d000 ---p 0000e000 00:2a 118658                     /usr/local/sdkman/candidates/java/21.0.6-ms/lib/libjli.so
79f21603d000-79f21603e000 r--p 0000e000 00:2a 118658                     /usr/local/sdkman/candidates/java/21.0.6-ms/lib/libjli.so
79f21603e000-79f21603f000 rw-p 0000f000 00:2a 118658                     /usr/local/sdkman/candidates/java/21.0.6-ms/lib/libjli.so
79f21603f000-79f216041000 r--p 00000000 00:2a 1049643                    /usr/lib/x86_64-linux-gnu/libz.so.1.2.11
79f216041000-79f216052000 r-xp 00002000 00:2a 1049643                    /usr/lib/x86_64-linux-gnu/libz.so.1.2.11
79f216052000-79f216058000 r--p 00013000 00:2a 1049643                    /usr/lib/x86_64-linux-gnu/libz.so.1.2.11
79f216058000-79f216059000 ---p 00019000 00:2a 1049643                    /usr/lib/x86_64-linux-gnu/libz.so.1.2.11
79f216059000-79f21605a000 r--p 00019000 00:2a 1049643                    /usr/lib/x86_64-linux-gnu/libz.so.1.2.11
79f21605a000-79f21605b000 rw-p 0001a000 00:2a 1049643                    /usr/lib/x86_64-linux-gnu/libz.so.1.2.11
79f21605b000-79f216063000 rw-s 00000000 08:21 1703950                    /tmp/hsperfdata_codespace/8656
79f216063000-79f216064000 ---p 00000000 00:00 0 
79f216064000-79f216065000 r--p 00000000 00:00 0 
79f216065000-79f216067000 rw-p 00000000 00:00 0 
79f216067000-79f216068000 r--p 00000000 00:2a 1052177                    /usr/lib/x86_64-linux-gnu/ld-2.31.so
79f216068000-79f21608b000 r-xp 00001000 00:2a 1052177                    /usr/lib/x86_64-linux-gnu/ld-2.31.so
79f21608b000-79f216093000 r--p 00024000 00:2a 1052177                    /usr/lib/x86_64-linux-gnu/ld-2.31.so
79f216093000-79f216094000 ---p 00000000 00:00 0 
79f216094000-79f216095000 r--p 0002c000 00:2a 1052177                    /usr/lib/x86_64-linux-gnu/ld-2.31.so
79f216095000-79f216096000 rw-p 0002d000 00:2a 1052177                    /usr/lib/x86_64-linux-gnu/ld-2.31.so
79f216096000-79f216097000 rw-p 00000000 00:00 0 
7ffd7505a000-7ffd7507c000 rw-p 00000000 00:00 0                          [stack]
7ffd75102000-7ffd75106000 r--p 00000000 00:00 0                          [vvar]
7ffd75106000-7ffd75108000 r-xp 00000000 00:00 0                          [vdso]
ffffffffff600000-ffffffffff601000 --xp 00000000 00:00 0                  [vsyscall]
Total number of mappings: 103


VM Arguments:
jvm_args: -Dcom.mojang.eula.agree=true -Xms16G -Xmx16G -XX:+UseParallelGC -XX:ParallelGCThreads=4 
java_command: fabric-server-launch.jar nogui
java_class_path (initial): fabric-server-launch.jar
Launcher Type: SUN_STANDARD

[Global flags]
     intx CICompilerCount                          = 2                                         {product} {ergonomic}
   size_t InitialHeapSize                          = 17179869184                               {product} {command line}
   size_t MaxHeapSize                              = 17179869184                               {product} {command line}
   size_t MaxNewSize                               = 5726273536                                {product} {ergonomic}
   size_t MinHeapDeltaBytes                        = 524288                                    {product} {ergonomic}
   size_t MinHeapSize                              = 17179869184                               {product} {command line}
   size_t NewSize                                  = 5726273536                                {product} {ergonomic}
    uintx NonNMethodCodeHeapSize                   = 5826188                                {pd product} {ergonomic}
    uintx NonProfiledCodeHeapSize                  = 122916026                              {pd product} {ergonomic}
   size_t OldSize                                  = 11453595648                               {product} {ergonomic}
     uint ParallelGCThreads                        = 4                                         {product} {command line}
    uintx ProfiledCodeHeapSize                     = 122916026                              {pd product} {ergonomic}
    uintx ReservedCodeCacheSize                    = 251658240                              {pd product} {ergonomic}
     bool SegmentedCodeCache                       = true                                      {product} {ergonomic}
   size_t SoftMaxHeapSize                          = 17179869184                            {manageable} {ergonomic}
     bool UseCompressedOops                        = true                           {product lp64_product} {ergonomic}
     bool UseParallelGC                            = true                                      {product} {command line}

Logging:
Log output configuration:
 #0: stdout all=warning uptime,level,tags foldmultilines=false
 #1: stderr all=off uptime,level,tags foldmultilines=false

Environment Variables:
JAVA_HOME=/usr/local/sdkman/candidates/java/current
PATH=/usr/local/rvm/gems/ruby-3.3.4/bin:/usr/local/rvm/gems/ruby-3.3.4@global/bin:/usr/local/rvm/rubies/ruby-3.3.4/bin:/vscode/bin/linux-x64/17baf841131aa23349f217ca7c570c76ee87b957/bin/remote-cli:/home/codespace/.local/bin:/home/codespace/.dotnet:/home/codespace/nvm/current/bin:/home/codespace/.php/current/bin:/home/codespace/.python/current/bin:/home/codespace/java/current/bin:/home/codespace/.ruby/current/bin:/home/codespace/.local/bin:/usr/local/python/current/bin:/usr/local/py-utils/bin:/usr/local/jupyter:/usr/local/oryx:/usr/local/go/bin:/go/bin:/usr/local/sdkman/bin:/usr/local/sdkman/candidates/java/current/bin:/usr/local/sdkman/candidates/gradle/current/bin:/usr/local/sdkman/candidates/maven/current/bin:/usr/local/sdkman/candidates/ant/current/bin:/usr/local/rvm/gems/default/bin:/usr/local/rvm/gems/default@global/bin:/usr/local/rvm/rubies/default/bin:/usr/local/share/rbenv/bin:/usr/local/php/current/bin:/opt/conda/bin:/usr/local/nvs:/usr/local/share/nvm/versions/node/v20.19.0/bin:/usr/local/hugo/bin:/usr/local/sbin:/usr/local/bin:/usr/sbin:/usr/bin:/sbin:/bin:/usr/share/dotnet:/home/codespace/.dotnet/tools:/usr/local/rvm/bin
SHELL=/bin/bash
LANG=C.UTF-8
TERM=xterm-256color

Active Locale:
LC_ALL=C
LC_COLLATE=C
LC_CTYPE=C
LC_MESSAGES=C
LC_MONETARY=C
LC_NUMERIC=C
LC_TIME=C

Signal Handlers:
   SIGSEGV: crash_handler in libjvm.so, mask=11100100010111111101111111111110, flags=SA_RESTART|SA_SIGINFO, unblocked
    SIGBUS: crash_handler in libjvm.so, mask=11100100010111111101111111111110, flags=SA_RESTART|SA_SIGINFO, unblocked
    SIGFPE: crash_handler in libjvm.so, mask=11100100010111111101111111111110, flags=SA_RESTART|SA_SIGINFO, unblocked
   SIGPIPE: javaSignalHandler in libjvm.so, mask=11100100010111111101111111111110, flags=SA_RESTART|SA_SIGINFO, blocked
   SIGXFSZ: javaSignalHandler in libjvm.so, mask=11100100010111111101111111111110, flags=SA_RESTART|SA_SIGINFO, blocked
    SIGILL: crash_handler in libjvm.so, mask=11100100010111111101111111111110, flags=SA_RESTART|SA_SIGINFO, unblocked
   SIGUSR2: SR_handler in libjvm.so, mask=00000000000000000000000000000000, flags=SA_RESTART|SA_SIGINFO, blocked
    SIGHUP: SIG_DFL, mask=00000000000000000000000000000000, flags=none, blocked
    SIGINT: SIG_DFL, mask=00000000000000000000000000000000, flags=none, blocked
   SIGTERM: SIG_DFL, mask=00000000000000000000000000000000, flags=none, blocked
   SIGQUIT: UserHandler in libjvm.so, mask=11100100010111111101111111111110, flags=SA_RESTART|SA_SIGINFO, blocked
   SIGTRAP: crash_handler in libjvm.so, mask=11100100010111111101111111111110, flags=SA_RESTART|SA_SIGINFO, unblocked


Periodic native trim disabled

---------------  S Y S T E M  ---------------

OS:
DISTRIB_ID=Ubuntu
DISTRIB_RELEASE=20.04
DISTRIB_CODENAME=focal
DISTRIB_DESCRIPTION="Ubuntu 20.04.6 LTS"
uname: Linux 6.8.0-1026-azure #31~22.04.1-Ubuntu SMP Thu Mar 20 04:12:50 UTC 2025 x86_64
OS uptime: 0 days 0:22 hours
libc: glibc 2.31 NPTL 2.31 
rlimit (soft/hard): STACK 8192k/infinity , CORE infinity/infinity , NPROC infinity/infinity , NOFILE 1048576/1048576 , AS infinity/infinity , CPU infinity/infinity , DATA infinity/infinity , FSIZE infinity/infinity , MEMLOCK 8192k/8192k
load average: 0.26 0.33 0.57

/proc/meminfo:
MemTotal:        8129224 kB
MemFree:          303900 kB
MemAvailable:    6353452 kB
Buffers:          254504 kB
Cached:          5913436 kB
SwapCached:            0 kB
Active:          2000696 kB
Inactive:        5307860 kB
Active(anon):     882732 kB
Inactive(anon):   327184 kB
Active(file):    1117964 kB
Inactive(file):  4980676 kB
Unevictable:       27848 kB
Mlocked:           27848 kB
SwapTotal:             0 kB
SwapFree:              0 kB
Zswap:                 0 kB
Zswapped:              0 kB
Dirty:              1080 kB
Writeback:             0 kB
AnonPages:       1158856 kB
Mapped:           481228 kB
Shmem:             60204 kB
KReclaimable:     264732 kB
Slab:             359780 kB
SReclaimable:     264732 kB
SUnreclaim:        95048 kB
KernelStack:        7392 kB
PageTables:        23372 kB
SecPageTables:         0 kB
NFS_Unstable:          0 kB
Bounce:                0 kB
WritebackTmp:          0 kB
CommitLimit:     4064612 kB
Committed_AS:    8842924 kB
VmallocTotal:   34359738367 kB
VmallocUsed:       40524 kB
VmallocChunk:          0 kB
Percpu:             1152 kB
HardwareCorrupted:     0 kB
AnonHugePages:    559104 kB
ShmemHugePages:        0 kB
ShmemPmdMapped:        0 kB
FileHugePages:         0 kB
FilePmdMapped:         0 kB
Unaccepted:            0 kB
HugePages_Total:       0
HugePages_Free:        0
HugePages_Rsvd:        0
HugePages_Surp:        0
Hugepagesize:       2048 kB
Hugetlb:               0 kB
DirectMap4k:      106432 kB
DirectMap2M:     3039232 kB
DirectMap1G:     7340032 kB

/sys/kernel/mm/transparent_hugepage/enabled: [always] madvise never
/sys/kernel/mm/transparent_hugepage/hpage_pmd_size: 2097152
/sys/kernel/mm/transparent_hugepage/defrag (defrag/compaction efforts parameter): always defer defer+madvise [madvise] never

Process Memory:
Virtual Size: 6175600K (peak: 17421764K)
Resident Set Size: 30288K (peak: 30288K) (anon: 17360K, file: 12928K, shmem: 0K)
Swapped out: 0K
C-Heap outstanding allocations: 4927K, retained: 348K (may have wrapped)
glibc malloc tunables: (default)

/proc/sys/kernel/threads-max (system-wide limit on the number of threads): 63466
/proc/sys/vm/max_map_count (maximum number of memory map areas a process may have): 65530
/proc/sys/vm/swappiness (control to define how aggressively the kernel swaps out anonymous memory): 60
/proc/sys/kernel/pid_max (system-wide limit on number of process identifiers): 4194304

container (cgroup) information:
container_type: cgroupv2
cpu_cpuset_cpus: not supported
cpu_memory_nodes: not supported
active_processor_count: 2
cpu_quota: no quota
cpu_period: 100000
cpu_shares: no shares
memory_limit_in_bytes: unlimited
memory_and_swap_limit_in_bytes: unlimited
memory_soft_limit_in_bytes: unlimited
memory_usage_in_bytes: 1866112 k
memory_max_usage_in_bytes: not supported
memory_swap_current_in_bytes: unlimited
memory_swap_max_limit_in_bytes: unlimited
maximum number of tasks: unlimited
current number of tasks: 116

Hyper-V virtualization detected
Steal ticks since vm start: 0
Steal ticks percentage since vm start:  0.000

CPU: total 2 (initial active 2) (16 cores per cpu, 2 threads per core) family 25 model 1 stepping 1 microcode 0xffffffff, cx8, cmov, fxsr, ht, mmx, 3dnowpref, sse, sse2, sse3, ssse3, sse4a, sse4.1, sse4.2, popcnt, lzcnt, tsc, tscinvbit, avx, avx2, aes, erms, clmul, bmi1, bmi2, adx, sha, fma, vzeroupper, clflush, clflushopt, hv, rdtscp, rdpid, fsrm, f16c, cet_ss
CPU Model and flags from /proc/cpuinfo:
model name	: AMD EPYC 7763 64-Core Processor
flags		: fpu vme de pse tsc msr pae mce cx8 apic sep mtrr pge mca cmov pat pse36 clflush mmx fxsr sse sse2 ht syscall nx mmxext fxsr_opt pdpe1gb rdtscp lm constant_tsc rep_good nopl tsc_reliable nonstop_tsc cpuid extd_apicid aperfmperf tsc_known_freq pni pclmulqdq ssse3 fma cx16 pcid sse4_1 sse4_2 movbe popcnt aes xsave avx f16c rdrand hypervisor lahf_lm cmp_legacy svm cr8_legacy abm sse4a misalignsse 3dnowprefetch osvw topoext vmmcall fsgsbase bmi1 avx2 smep bmi2 erms invpcid rdseed adx smap clflushopt clwb sha_ni xsaveopt xsavec xgetbv1 xsaves user_shstk clzero xsaveerptr rdpru arat npt nrip_save tsc_scale vmcb_clean flushbyasid decodeassists pausefilter pfthreshold v_vmsave_vmload umip vaes vpclmulqdq rdpid fsrm

Online cpus: 0-1
Offline cpus: 
BIOS frequency limitation: <Not Available>
Frequency switch latency (ns): <Not Available>
Available cpu frequencies: <Not Available>
Current governor: <Not Available>
Core performance/turbo boost: <Not Available>

Memory: 4k page, physical 8129224k(6353452k free), swap 0k(0k free)
Page Sizes: 4k

vm_info: OpenJDK 64-Bit Server VM (21.0.6+7-LTS) for linux-amd64 JRE (21.0.6+7-LTS), built on 2025-01-08T22:59:09Z by "MicrosoftCorporation" with gcc 11.3.0

END.
