[22:34:29] [main/INFO] ========================================
[22:34:29] [main/INFO] Minecraft: 1.21.5
[22:34:29] [main/INFO] Side: server
[22:34:29] [main/INFO] Development: false
[22:34:29] [main/INFO] Version: 19.0.806
[22:34:29] [main/INFO] Loader:
[22:34:29] [main/INFO] - Fabric: 0.16.14
[22:34:29] [main/INFO] - Fabric API: 0.121.0+1.21.5
[22:34:29] [main/INFO] Dependencies:
[22:34:29] [main/INFO] - Cloth Config: 18.0.145
[22:34:29] [main/INFO] - Architectury: 16.1.4
[22:34:29] [main/INFO] Mixin: 0.8.7
[22:34:29] [main/INFO] OS: Linux 6.8.0-1026-azure (amd64)
[22:34:29] [main/INFO] Java: 21.0.6 (Microsoft)
[22:34:29] [main/INFO] ========================================
[22:34:29] [main/INFO] Mods:
[22:34:29] [main/INFO] - appleskin: 3.0.6+mc1.21.5
[22:34:29] [main/INFO] - architectury: 16.1.4
[22:34:29] [main/INFO] - balm: 21.5.14
[22:34:29] [main/INFO] - blue_endless_jankson: 1.2.3
[22:34:29] [main/INFO] - cardinal-components: 6.3.1
[22:34:29] [main/INFO] - cardinal-components-base: 6.3.1
[22:34:29] [main/INFO] - cardinal-components-block: 6.3.1
[22:34:29] [main/INFO] - cardinal-components-chunk: 6.3.1
[22:34:29] [main/INFO] - cardinal-components-entity: 6.3.1
[22:34:29] [main/INFO] - cardinal-components-item: 6.3.1
[22:34:29] [main/INFO] - cardinal-components-level: 6.3.1
[22:34:29] [main/INFO] - cardinal-components-scoreboard: 6.3.1
[22:34:29] [main/INFO] - cardinal-components-world: 6.3.1
[22:34:29] [main/INFO] - cloth-basic-math: 0.6.1
[22:34:29] [main/INFO] - cloth-config: 18.0.145
[22:34:29] [main/INFO] - cloth-config: 18.0.145
[22:34:29] [main/INFO] - clumps: 23.0.0.1
[22:34:29] [main/INFO] - collective: 8.3
[22:34:29] [main/INFO] - com_drewnoakes_metadata-extractor: 2.19.0
[22:34:29] [main/INFO] - com_electronwill_night-config_core: 3.8.1
[22:34:29] [main/INFO] - com_electronwill_night-config_toml: 3.8.1
[22:34:29] [main/INFO] - com_konghq_unirest-java_standalone: 3.11.9
[22:34:29] [main/INFO] - com_teamresourceful_bytecodecs: 1.1.3
[22:34:29] [main/INFO] - com_teamresourceful_yabn: 1.0.3
[22:34:29] [main/INFO] - com_twelvemonkeys_common_common-image: 3.12.0
[22:34:29] [main/INFO] - com_twelvemonkeys_common_common-io: 3.12.0
[22:34:29] [main/INFO] - com_twelvemonkeys_common_common-lang: 3.12.0
[22:34:29] [main/INFO] - com_twelvemonkeys_imageio_imageio-core: 3.12.0
[22:34:29] [main/INFO] - com_twelvemonkeys_imageio_imageio-metadata: 3.12.0
[22:34:29] [main/INFO] - com_twelvemonkeys_imageio_imageio-webp: 3.12.0
[22:34:29] [main/INFO] - com_velocitypowered_velocity-native: 3.4.0-SNAPSHOT
[22:34:29] [main/INFO] - common-protection-api: 1.0.0
[22:34:29] [main/INFO] - commons-validator_commons-validator: 1.7
[22:34:29] [main/INFO] - cristellib: 2.0.2
[22:34:29] [main/INFO] - doubledoors: 7.0
[22:34:29] [main/INFO] - durabilitytooltip: 1.1.5
[22:34:29] [main/INFO] - e4mc_minecraft: 5.3.1
[22:34:29] [main/INFO] - entityculling: 1.7.4
[22:34:29] [main/INFO] - error_notifier: 1.0.11
[22:34:29] [main/INFO] - fabric-api: 0.121.0+1.21.5
[22:34:29] [main/INFO] - fabric-api: 0.121.0+1.21.5
[22:34:29] [main/INFO] - fabric-api-base: 0.4.62+73a52b4b49
[22:34:29] [main/INFO] - fabric-api-lookup-api-v1: 1.6.95+86c3a9f149
[22:34:29] [main/INFO] - fabric-biome-api-v1: 16.0.7+2dd063df49
[22:34:29] [main/INFO] - fabric-block-api-v1: 1.0.37+86c3a9f149
[22:34:29] [main/INFO] - fabric-block-view-api-v2: 1.0.26+aa6d566c49
[22:34:29] [main/INFO] - fabric-command-api-v1: 1.2.70+f71b366f49
[22:34:29] [main/INFO] - fabric-command-api-v2: 2.2.49+73a52b4b49
[22:34:29] [main/INFO] - fabric-commands-v0: 0.2.87+df3654b349
[22:34:29] [main/INFO] - fabric-content-registries-v0: 10.0.12+3e6c1f7d49
[22:34:29] [main/INFO] - fabric-convention-tags-v1: 2.1.29+7f945d5b49
[22:34:29] [main/INFO] - fabric-convention-tags-v2: 2.14.3+fca633a049
[22:34:29] [main/INFO] - fabric-crash-report-info-v1: 0.3.12+86c3a9f149
[22:34:29] [main/INFO] - fabric-data-attachment-api-v1: 1.7.0+9c0dd47249
[22:34:29] [main/INFO] - fabric-data-generation-api-v1: 22.3.4+fd2b524049
[22:34:29] [main/INFO] - fabric-dimensions-v1: 4.0.17+3e6c1f7d49
[22:34:29] [main/INFO] - fabric-entity-events-v1: 2.0.25+27c1078f49
[22:34:29] [main/INFO] - fabric-events-interaction-v0: 4.0.13+73a52b4b49
[22:34:29] [main/INFO] - fabric-game-rule-api-v1: 1.0.70+c327076a49
[22:34:29] [main/INFO] - fabric-item-api-v1: 11.3.2+2ccdb6ef49
[22:34:29] [main/INFO] - fabric-item-group-api-v1: 4.2.8+3459fc6149
[22:34:29] [main/INFO] - fabric-language-kotlin: 1.13.2+kotlin.2.1.20
[22:34:29] [main/INFO] - fabric-lifecycle-events-v1: 2.5.13+5cbce67349
[22:34:29] [main/INFO] - fabric-loot-api-v2: 3.0.47+3f89f5a549
[22:34:29] [main/INFO] - fabric-loot-api-v3: 1.0.35+86c3a9f149
[22:34:29] [main/INFO] - fabric-message-api-v1: 6.0.33+86c3a9f149
[22:34:29] [main/INFO] - fabric-networking-api-v1: 4.4.0+f3ffa98949
[22:34:29] [main/INFO] - fabric-object-builder-api-v1: 21.0.0+7b20cbb049
[22:34:29] [main/INFO] - fabric-particles-v1: 4.1.1+112e550e49
[22:34:29] [main/INFO] - fabric-permissions-api-v0: 0.3.3
[22:34:29] [main/INFO] - fabric-recipe-api-v1: 8.1.6+052a85d049
[22:34:29] [main/INFO] - fabric-registry-sync-v0: 6.1.20+b556383249
[22:34:29] [main/INFO] - fabric-rendering-data-attachment-v1: 0.3.64+73761d2e49
[22:34:29] [main/INFO] - fabric-rendering-fluids-v1: 3.1.27+86c3a9f149
[22:34:29] [main/INFO] - fabric-resource-conditions-api-v1: 5.0.21+73a52b4b49
[22:34:29] [main/INFO] - fabric-resource-loader-v0: 3.1.6+02ca679649
[22:34:29] [main/INFO] - fabric-screen-handler-api-v1: 1.3.127+c327076a49
[22:34:29] [main/INFO] - fabric-tag-api-v1: 1.0.16+ecf51cdc49
[22:34:29] [main/INFO] - fabric-transfer-api-v1: 5.4.23+7b20cbb049
[22:34:29] [main/INFO] - fabric-transitive-access-wideners-v1: 6.3.17+f17a180c49
[22:34:29] [main/INFO] - fabricloader: 0.16.14
[22:34:29] [main/INFO] - ferritecore: 8.0.0
[22:34:29] [main/INFO] - folk_sisby_kaleido-config: 0.3.1+1.3.1
[22:34:29] [main/INFO] - forgeconfigapiport: 21.5.1
[22:34:29] [main/INFO] - formations: 1.0.3
[22:34:29] [main/INFO] - formationsnether: 1.0.5
[22:34:29] [main/INFO] - formationsoverworld: 1.0.4
[22:34:29] [main/INFO] - friendsandfoes: 4.0.1
[22:34:29] [main/INFO] - frozenlib: 2.1-mc1.21.5
[22:34:29] [main/INFO] - geophilic: 3.4.1
[22:34:29] [main/INFO] - hearths: 1.0.3
[22:34:29] [main/INFO] - hopobettermineshaft: 1.3.1
[22:34:29] [main/INFO] - hopobetterruinedportal: 1.4.6
[22:34:29] [main/INFO] - hopobetterunderwaterruins: 1.2.3
[22:34:29] [main/INFO] - incendium: 5.4.6
[22:34:29] [main/INFO] - inventoryessentials: 21.5.1
[22:34:29] [main/INFO] - inventorytotem: 3.4
[22:34:29] [main/INFO] - jade: 18.1.0+fabric
[22:34:29] [main/INFO] - java: 21
[22:34:29] [main/INFO] - krypton: 0.2.9
[22:34:29] [main/INFO] - kuma_api: 21.5.2
[22:34:29] [main/INFO] - lithium: 0.16.2+mc1.21.5
[22:34:29] [main/INFO] - mcwfences: 1.2.0
[22:34:29] [main/INFO] - mcwpaintings: 1.0.5
[22:34:29] [main/INFO] - mcwstairs: 1.0.1
[22:34:29] [main/INFO] - mcwtrpdoors: 1.0.0
[22:34:29] [main/INFO] - mes: 1.4.3-1.21.5-fabric
[22:34:29] [main/INFO] - minecraft: 1.21.5
[22:34:29] [main/INFO] - mixinextras: 0.4.1
[22:34:29] [main/INFO] - mixinsquared: 0.2.0
[22:34:29] [main/INFO] - mr_dungeons: 1.9.0b
[22:34:29] [main/INFO] - mr_dungeons_andtaverns: 1-v4.7
[22:34:29] [main/INFO] - mr_ketkets_furnicraft: 5.2
[22:34:29] [main/INFO] - mr_mine_treasure: 1.5.4
[22:34:29] [main/INFO] - mr_serversleep: 1-datapack2
[22:34:29] [main/INFO] - mr_true_ending: 1-v1.1.4a
[22:34:29] [main/INFO] - my-totem-doll: 2.1.4+1.21.5
[22:34:29] [main/INFO] - nullscape: 1.2.11
[22:34:29] [main/INFO] - org_jetbrains_kotlin_kotlin-reflect: 2.1.20
[22:34:29] [main/INFO] - org_jetbrains_kotlin_kotlin-stdlib: 2.1.20
[22:34:29] [main/INFO] - org_jetbrains_kotlin_kotlin-stdlib-jdk7: 2.1.20
[22:34:29] [main/INFO] - org_jetbrains_kotlin_kotlin-stdlib-jdk8: 2.1.20
[22:34:29] [main/INFO] - org_jetbrains_kotlinx_atomicfu-jvm: 0.27.0
[22:34:29] [main/INFO] - org_jetbrains_kotlinx_kotlinx-coroutines-core-jvm: 1.10.1
[22:34:29] [main/INFO] - org_jetbrains_kotlinx_kotlinx-coroutines-jdk8: 1.10.1
[22:34:29] [main/INFO] - org_jetbrains_kotlinx_kotlinx-datetime-jvm: 0.6.2
[22:34:29] [main/INFO] - org_jetbrains_kotlinx_kotlinx-io-bytestring-jvm: 0.7.0
[22:34:29] [main/INFO] - org_jetbrains_kotlinx_kotlinx-io-core-jvm: 0.7.0
[22:34:29] [main/INFO] - org_jetbrains_kotlinx_kotlinx-serialization-cbor-jvm: 1.8.0
[22:34:29] [main/INFO] - org_jetbrains_kotlinx_kotlinx-serialization-core-jvm: 1.8.0
[22:34:29] [main/INFO] - org_jetbrains_kotlinx_kotlinx-serialization-json-jvm: 1.8.0
[22:34:29] [main/INFO] - org_jsoup_jsoup: 1.16.1
[22:34:29] [main/INFO] - org_quiltmc_parsers_gson: 0.2.1
[22:34:29] [main/INFO] - org_quiltmc_parsers_json: 0.2.1
[22:34:29] [main/INFO] - packet_tweaker: 0.6.0-pre.1+1.21.2-pre3
[22:34:29] [main/INFO] - passiveshield: 3.7
[22:34:29] [main/INFO] - placeholder-api: 2.6.2+1.21.5
[22:34:29] [main/INFO] - polymer-common: 0.12.1+1.21.5-rc2
[22:34:29] [main/INFO] - polymer-core: 0.12.1+1.21.5-rc2
[22:34:29] [main/INFO] - polymer-networking: 0.12.1+1.21.5-rc2
[22:34:29] [main/INFO] - polymer-registry-sync-manipulator: 0.12.1+1.21.5-rc2
[22:34:29] [main/INFO] - polymer-resource-pack: 0.12.1+1.21.5-rc2
[22:34:29] [main/INFO] - polymer-virtual-entity: 0.12.1+1.21.5-rc2
[22:34:29] [main/INFO] - predicate-api: 0.6.0+1.21.2
[22:34:29] [main/INFO] - puzzleslib: 21.5.9
[22:34:29] [main/INFO] - resourcefullib: 3.5.0
[22:34:29] [main/INFO] - roughlyenoughitems: 19.0.806
[22:34:29] [main/INFO] - server_translations_api: 2.5.0+1.21.5-rc1
[22:34:29] [main/INFO] - sgui: 1.9.0+1.21.5
[22:34:29] [main/INFO] - skinshuffle: 2.8.2+1.21.5
[22:34:29] [main/INFO] - spellbound_weapons_mr: 4.1.3
[22:34:29] [main/INFO] - structory_towers: 1.0.11
[22:34:29] [main/INFO] - supermartijn642configlib: 1.1.8
[22:34:29] [main/INFO] - t_and_t: 1.13.5
[22:34:29] [main/INFO] - trashslot: 21.5.1
[22:34:29] [main/INFO] - travelersbackpack: 10.5.1
[22:34:29] [main/INFO] - treeharvester: 9.1
[22:34:29] [main/INFO] - universal-graves: 3.7.1+1.21.5
[22:34:29] [main/INFO] - visualworkbench: 21.5.0
[22:34:29] [main/INFO] - voicechat: 1.21.5-2.5.30
[22:34:29] [main/INFO] - waystones: 21.5.4
[22:34:29] [main/INFO] - wilderwild: 4.0.7-mc1.21.5
[22:34:29] [main/INFO] - xaerominimap: 25.2.5
[22:34:29] [main/INFO] - xaeroworldmap: 1.39.8
[22:34:29] [main/INFO] - yet_another_config_lib_v3: 3.6.6+1.21.5-fabric
[22:34:29] [main/INFO] ========================================
[22:34:29] [main/INFO] [REI] Registered plugin provider DefaultPlugin [roughlyenoughitems] for REICommonPlugin
[22:34:29] [main/INFO] [REI] Registered plugin provider DefaultRuntimePlugin [roughlyenoughitems] for REICommonPlugin
[22:34:29] [main/INFO] [REI] Registered plugin provider FabricFluidAPISupportPlugin for REICommonPlugin
[22:34:33] [main/DEBUG] [REI] Processed 554 tags in 3.907 ms for minecraft:item
[22:34:33] [main/DEBUG] [REI] Processed 644 tags in 5.667 ms for minecraft:block
[22:34:33] [main/DEBUG] [REI] Processed 5 tags in 30.30 μs for minecraft:point_of_interest_type
[22:34:33] [main/DEBUG] [REI] Processed 8 tags in 65.53 μs for minecraft:game_event
[22:34:33] [main/DEBUG] [REI] Processed 111 tags in 536.2 μs for minecraft:entity_type
[22:34:33] [main/DEBUG] [REI] Processed 5 tags in 15.01 μs for minecraft:fluid
